<?xml version="1.0" encoding="UTF-8"?>
<coverage generated="1713538735740" clover="3.2.0">
  <project timestamp="1713538735740" name="All files">
    <metrics statements="17" coveredstatements="13" conditionals="10" coveredconditionals="6" methods="6" coveredmethods="4" elements="33" coveredelements="23" complexity="0" loc="17" ncloc="17" packages="1" files="1" classes="1"/>
    <file name="InputFile.vue" path="C:\Users\Yuri\OneDrive\Desktop\6coders\ChatSQL\ChatSQL\frontend\src\components\InputFile.vue">
      <metrics statements="17" coveredstatements="13" conditionals="10" coveredconditionals="6" methods="6" coveredmethods="4"/>
      <line num="4" count="1" type="stmt"/>
      <line num="7" count="1" type="stmt"/>
      <line num="8" count="1" type="stmt"/>
      <line num="11" count="2" type="stmt"/>
      <line num="17" count="2" type="stmt"/>
      <line num="18" count="2" type="stmt"/>
      <line num="21" count="0" type="cond" truecount="0" falsecount="2"/>
      <line num="22" count="0" type="stmt"/>
      <line num="24" count="0" type="stmt"/>
      <line num="29" count="1" type="stmt"/>
      <line num="31" count="1" type="stmt"/>
      <line num="34" count="1" type="stmt"/>
      <line num="35" count="1" type="stmt"/>
      <line num="37" count="2" type="stmt"/>
      <line num="40" count="2" type="cond" truecount="4" falsecount="0"/>
      <line num="44" count="0" type="cond" truecount="2" falsecount="2"/>
      <line num="46" count="1" type="stmt"/>
    </file>
  </project>
</coverage>
