{"/Users/osama/Developer/SWE/ChatSQL/frontend/src/components/InputFile.vue": {"path":"/Users/osama/Developer/SWE/ChatSQL/frontend/src/components/InputFile.vue","statementMap":{"0":{"start":{"line":4,"column":0},"end":{"line":6,"column":3}},"1":{"start":{"line":7,"column":0},"end":{"line":7,"column":25}},"2":{"start":{"line":8,"column":15},"end":{"line":31,"column":1}},"3":{"start":{"line":12,"column":19},"end":{"line":12,"column":40}},"4":{"start":{"line":13,"column":6},"end":{"line":19,"column":7}},"5":{"start":{"line":14,"column":8},"end":{"line":14,"column":41}},"6":{"start":{"line":15,"column":8},"end":{"line":15,"column":42}},"7":{"start":{"line":17,"column":8},"end":{"line":17,"column":47}},"8":{"start":{"line":18,"column":8},"end":{"line":18,"column":21}},"9":{"start":{"line":22,"column":32},"end":{"line":22,"column":41}},"10":{"start":{"line":23,"column":24},"end":{"line":23,"column":64}},"11":{"start":{"line":24,"column":6},"end":{"line":24,"column":57}},"12":{"start":{"line":27,"column":22},"end":{"line":27,"column":32}},"13":{"start":{"line":28,"column":6},"end":{"line":28,"column":34}},"14":{"start":{"line":32,"column":0},"end":{"line":32,"column":13}},"15":{"start":{"line":34,"column":0},"end":{"line":36,"column":3}},"16":{"start":{"line":37,"column":0},"end":{"line":37,"column":24}},"17":{"start":{"line":38,"column":11},"end":{"line":38,"column":25}},"18":{"start":{"line":40,"column":2},"end":{"line":43,"column":38}},"19":{"start":{"line":42,"column":53},"end":{"line":42,"column":108}},"20":{"start":{"line":44,"column":2},"end":{"line":44,"column":49}}},"fnMap":{"0":{"name":"(anonymous_0)","decl":{"start":{"line":11,"column":4},"end":{"line":11,"column":5}},"loc":{"start":{"line":11,"column":28},"end":{"line":20,"column":5}},"line":11},"1":{"name":"(anonymous_1)","decl":{"start":{"line":21,"column":4},"end":{"line":21,"column":5}},"loc":{"start":{"line":21,"column":29},"end":{"line":25,"column":5}},"line":21},"2":{"name":"(anonymous_2)","decl":{"start":{"line":26,"column":4},"end":{"line":26,"column":5}},"loc":{"start":{"line":26,"column":22},"end":{"line":29,"column":5}},"line":26},"3":{"name":"render","decl":{"start":{"line":39,"column":9},"end":{"line":39,"column":15}},"loc":{"start":{"line":39,"column":30},"end":{"line":44,"column":1}},"line":39},"4":{"name":"(anonymous_4)","decl":{"start":{"line":42,"column":40},"end":{"line":42,"column":41}},"loc":{"start":{"line":42,"column":53},"end":{"line":42,"column":108}},"line":42}},"branchMap":{"0":{"loc":{"start":{"line":13,"column":6},"end":{"line":19,"column":7}},"type":"if","locations":[{"start":{"line":13,"column":6},"end":{"line":19,"column":7}},{"start":{"line":16,"column":13},"end":{"line":19,"column":7}}],"line":13},"1":{"loc":{"start":{"line":13,"column":10},"end":{"line":13,"column":65}},"type":"binary-expr","locations":[{"start":{"line":13,"column":10},"end":{"line":13,"column":39}},{"start":{"line":13,"column":43},"end":{"line":13,"column":65}}],"line":13},"2":{"loc":{"start":{"line":42,"column":14},"end":{"line":42,"column":109}},"type":"binary-expr","locations":[{"start":{"line":42,"column":14},"end":{"line":42,"column":23}},{"start":{"line":42,"column":28},"end":{"line":42,"column":108}}],"line":42},"3":{"loc":{"start":{"line":42,"column":53},"end":{"line":42,"column":108}},"type":"binary-expr","locations":[{"start":{"line":42,"column":53},"end":{"line":42,"column":74}},{"start":{"line":42,"column":78},"end":{"line":42,"column":108}}],"line":42}},"s":{"0":1,"1":1,"2":1,"3":2,"4":2,"5":1,"6":1,"7":1,"8":1,"9":0,"10":0,"11":0,"12":0,"13":0,"14":1,"15":1,"16":1,"17":1,"18":2,"19":2,"20":1},"f":{"0":2,"1":0,"2":0,"3":2,"4":2},"b":{"0":[1,1],"1":[2,1],"2":[2,2],"3":[2,2]},"inputSourceMap":{"0":"{","1":"\"","2":"v","3":"e","4":"r","5":"s","6":"i","7":"o","8":"n","9":"\"","10":":","11":"3","12":",","13":"\"","14":"s","15":"o","16":"u","17":"r","18":"c","19":"e","20":"s","21":"\"","22":":","23":"[","24":"\"","25":"/","26":"U","27":"s","28":"e","29":"r","30":"s","31":"/","32":"o","33":"s","34":"a","35":"m","36":"a","37":"/","38":"D","39":"e","40":"v","41":"e","42":"l","43":"o","44":"p","45":"e","46":"r","47":"/","48":"S","49":"W","50":"E","51":"/","52":"C","53":"h","54":"a","55":"t","56":"S","57":"Q","58":"L","59":"/","60":"f","61":"r","62":"o","63":"n","64":"t","65":"e","66":"n","67":"d","68":"/","69":"s","70":"r","71":"c","72":"/","73":"c","74":"o","75":"m","76":"p","77":"o","78":"n","79":"e","80":"n","81":"t","82":"s","83":"/","84":"I","85":"n","86":"p","87":"u","88":"t","89":"F","90":"i","91":"l","92":"e","93":".","94":"v","95":"u","96":"e","97":"\"","98":"]","99":",","100":"\"","101":"n","102":"a","103":"m","104":"e","105":"s","106":"\"","107":":","108":"[","109":"]","110":",","111":"\"","112":"m","113":"a","114":"p","115":"p","116":"i","117":"n","118":"g","119":"s","120":"\"","121":":","122":"\"","123":";","124":";","125":";","126":";","127":";","128":";","129":";","130":"i","131":"C","132":"A","133":"O","134":"i","135":"B","136":";","137":"E","138":"A","139":"C","140":"b","141":",","142":"I","143":"A","144":"A","145":"I","146":",","147":"E","148":"A","149":"A","150":"E","151":",","152":"W","153":"A","154":"A","155":"W","156":";","157":"E","158":"A","159":"C","160":"j","161":"B","162":",","163":"O","164":"A","165":"A","166":"O","167":",","168":"E","169":"A","170":"A","171":"E","172":";","173":"I","174":"A","175":"C","176":"P","177":",","178":"g","179":"B","180":"A","181":"A","182":"g","183":"B","184":",","185":"C","186":"A","187":"A","188":"C","189":",","190":"K","191":"A","192":"A","193":"K","194":",","195":"E","196":"A","197":"A","198":"E","199":";","200":"M","201":"A","202":"C","203":"t","204":"B","205":",","206":"M","207":"A","208":"A","209":"M","210":",","211":"I","212":"A","213":"A","214":"I","215":",","216":"G","217":"A","218":"A","219":"G","220":",","221":"K","222":"A","223":"A","224":"K","225":",","226":"C","227":"A","228":"A","229":"C","230":",","231":"M","232":"A","233":"A","234":"M","235":",","236":"C","237":"A","238":"A","239":"C","240":",","241":"K","242":"A","243":"A","244":"K","245":",","246":"C","247":"A","248":"A","249":"C","250":",","251":"C","252":"A","253":"A","254":"C","255":",","256":"C","257":"A","258":"A","259":"C","260":";","261":"M","262":"A","263":"C","264":"l","265":"C","266":",","267":"I","268":"A","269":"A","270":"I","271":",","272":"I","273":"A","274":"A","275":"I","276":",","277":"C","278":"A","279":"A","280":"C","281":",","282":"k","283":"B","284":"A","285":"A","286":"k","287":"B","288":",","289":"C","290":"A","291":"A","292":"C","293":",","294":"I","295":"A","296":"A","297":"I","298":",","299":"C","300":"A","301":"A","302":"C","303":",","304":"I","305":"A","306":"A","307":"I","308":",","309":"I","310":"A","311":"A","312":"I","313":",","314":"C","315":"A","316":"A","317":"C","318":",","319":"W","320":"A","321":"A","322":"W","323":",","324":"C","325":"A","326":"A","327":"C","328":",","329":"I","330":"A","331":"A","332":"I","333":",","334":"C","335":"A","336":"A","337":"C","338":",","339":"E","340":"A","341":"A","342":"E","343":";","344":"Q","345":"A","346":"C","347":"3","348":"D","349":",","350":"O","351":"A","352":"A","353":"O","354":",","355":"C","356":"A","357":"A","358":"C","359":",","360":"G","361":"A","362":"A","363":"G","364":",","365":"C","366":"A","367":"A","368":"C","369":",","370":"m","371":"B","372":"A","373":"A","374":"m","375":"B","376":",","377":"C","378":"A","379":"A","380":"C","381":";","382":"Q","383":"A","384":"C","385":"h","386":"C","387":",","388":"I","389":"A","390":"A","391":"I","392":",","393":"C","394":"A","395":"A","396":"C","397":",","398":"K","399":"A","400":"A","401":"K","402":",","403":"C","404":"A","405":"A","406":"C","407":",","408":"e","409":"A","410":"A","411":"e","412":",","413":"E","414":"A","415":"A","416":"E","417":",","418":"I","419":"A","420":"A","421":"I","422":",","423":"C","424":"A","425":"A","426":"C","427":";","428":"M","429":"A","430":"C","431":"n","432":"C","433":",","434":"C","435":"A","436":"A","437":"C","438":",","439":"M","440":"A","441":"A","442":"M","443":";","444":"Q","445":"A","446":"C","447":"L","448":",","449":"O","450":"A","451":"A","452":"O","453":",","454":"C","455":"A","456":"A","457":"C","458":",","459":"K","460":"A","461":"A","462":"K","463":",","464":"C","465":"A","466":"A","467":"C","468":",","469":"u","470":"B","471":"A","472":"A","473":"u","474":"B","475":",","476":"C","477":"A","478":"A","479":"C","480":";","481":"Q","482":"A","483":"C","484":"t","485":"C","486":",","487":"O","488":"A","489":"A","490":"O","491":",","492":"K","493":"A","494":"A","495":"K","496":";","497":"M","498":"A","499":"C","500":"d","501":";","502":"I","503":"A","504":"C","505":"F","506":",","507":"C","508":"A","509":"A","510":"C","511":";","512":"I","513":"A","514":"C","515":"D","516":",","517":"k","518":"B","519":"A","520":"A","521":"k","522":"B","523":",","524":"C","525":"A","526":"A","527":"C","528":",","529":"I","530":"A","531":"A","532":"I","533":",","534":"E","535":"A","536":"A","537":"E","538":";","539":"M","540":"A","541":"C","542":"v","543":"B","544":",","545":"M","546":"A","547":"A","548":"M","549":",","550":"i","551":"B","552":"A","553":"A","554":"i","555":"B","556":",","557":"G","558":"A","559":"A","560":"G","561":",","562":"C","563":"A","564":"A","565":"C","566":",","567":"O","568":"A","569":"A","570":"O","571":",","572":"C","573":"A","574":"A","575":"C","576":";","577":"M","578":"A","579":"C","580":"n","581":"C","582":",","583":"M","584":"A","585":"A","586":"M","587":",","588":"S","589":"A","590":"A","591":"S","592":",","593":"G","594":"A","595":"A","596":"G","597":",","598":"I","599":"A","600":"A","601":"I","602":",","603":"C","604":"A","605":"A","606":"C","607":",","608":"I","609":"A","610":"A","611":"I","612":",","613":"C","614":"A","615":"A","616":"C","617":",","618":"K","619":"A","620":"A","621":"K","622":",","623":"C","624":"A","625":"A","626":"C","627":",","628":"G","629":"A","630":"A","631":"G","632":",","633":"C","634":"A","635":"A","636":"C","637":",","638":"C","639":"A","640":"A","641":"C","642":",","643":"G","644":"A","645":"A","646":"G","647":",","648":"C","649":"A","650":"A","651":"C","652":",","653":"C","654":"A","655":"A","656":"C","657":",","658":"C","659":"A","660":"A","661":"C","662":",","663":"W","664":"A","665":"A","666":"W","667":",","668":"C","669":"A","670":"A","671":"C","672":",","673":"C","674":"A","675":"A","676":"C","677":";","678":"M","679":"A","680":"C","681":"1","682":"D","683":",","684":"O","685":"A","686":"A","687":"O","688":",","689":"i","690":"B","691":"A","692":"A","693":"i","694":"B","695":",","696":"C","697":"A","698":"A","699":"C","700":",","701":"Q","702":"A","703":"A","704":"Q","705":",","706":"C","707":"A","708":"A","709":"C","710":",","711":"G","712":"A","713":"A","714":"G","715":",","716":"G","717":"A","718":"A","719":"G","720":",","721":"S","722":"A","723":"A","724":"S","725":",","726":"C","727":"A","728":"A","729":"C","730":";","731":"I","732":"A","733":"C","734":"p","735":"D","736":",","737":"C","738":"A","739":"A","740":"C","741":";","742":"I","743":"A","744":"C","745":"D","746":",","747":"W","748":"A","749":"A","750":"W","751":",","752":"C","753":"A","754":"A","755":"C","756":",","757":"I","758":"A","759":"A","760":"I","761":",","762":"E","763":"A","764":"A","765":"E","766":";","767":"M","768":"A","769":"C","770":"h","771":"B","772":",","773":"M","774":"A","775":"A","776":"M","777":",","778":"O","779":"A","780":"A","781":"O","782":",","783":"G","784":"A","785":"A","786":"G","787":",","788":"G","789":"A","790":"A","791":"G","792":",","793":"G","794":"A","795":"A","796":"G","797":",","798":"I","799":"A","800":"A","801":"I","802":";","803":"M","804":"A","805":"C","806":"1","807":"B","808":",","809":"O","810":"A","811":"A","812":"O","813":",","814":"I","815":"A","816":"A","817":"I","818":",","819":"C","820":"A","821":"A","822":"C","823":",","824":"I","825":"A","826":"A","827":"I","828":",","829":"I","830":"A","831":"A","832":"I","833":",","834":"O","835":"A","836":"A","837":"O","838":";","839":"I","840":"A","841":"C","842":"7","843":"B","844":";","845":"E","846":"A","847":"C","848":"F","849":";","850":"A","851":"A","852":"C","853":"F","854":",","855":"C","856":"A","857":"A","858":"C","859":"\"","860":",","861":"\"","862":"f","863":"i","864":"l","865":"e","866":"\"","867":":","868":"\"","869":"/","870":"U","871":"s","872":"e","873":"r","874":"s","875":"/","876":"o","877":"s","878":"a","879":"m","880":"a","881":"/","882":"D","883":"e","884":"v","885":"e","886":"l","887":"o","888":"p","889":"e","890":"r","891":"/","892":"S","893":"W","894":"E","895":"/","896":"C","897":"h","898":"a","899":"t","900":"S","901":"Q","902":"L","903":"/","904":"f","905":"r","906":"o","907":"n","908":"t","909":"e","910":"n","911":"d","912":"/","913":"s","914":"r","915":"c","916":"/","917":"c","918":"o","919":"m","920":"p","921":"o","922":"n","923":"e","924":"n","925":"t","926":"s","927":"/","928":"I","929":"n","930":"p","931":"u","932":"t","933":"F","934":"i","935":"l","936":"e","937":".","938":"v","939":"u","940":"e","941":"\"","942":",","943":"\"","944":"s","945":"o","946":"u","947":"r","948":"c","949":"e","950":"s","951":"C","952":"o","953":"n","954":"t","955":"e","956":"n","957":"t","958":"\"","959":":","960":"[","961":"\"","962":"<","963":"t","964":"e","965":"m","966":"p","967":"l","968":"a","969":"t","970":"e","971":">","972":"\\","973":"n","974":" ","975":" ","976":" ","977":" ","978":"<","979":"d","980":"i","981":"v","982":">","983":"\\","984":"n","985":" ","986":" ","987":" ","988":" ","989":" ","990":" ","991":"<","992":"i","993":"n","994":"p","995":"u","996":"t","997":" ","998":"t","999":"y","1000":"p","1001":"e","1002":"=","1003":"\\","1004":"\"","1005":"f","1006":"i","1007":"l","1008":"e","1009":"\\","1010":"\"","1011":" ","1012":"@","1013":"c","1014":"h","1015":"a","1016":"n","1017":"g","1018":"e","1019":"=","1020":"\\","1021":"\"","1022":"h","1023":"a","1024":"n","1025":"d","1026":"l","1027":"e","1028":"F","1029":"i","1030":"l","1031":"e","1032":"U","1033":"p","1034":"l","1035":"o","1036":"a","1037":"d","1038":"\\","1039":"\"","1040":">","1041":"\\","1042":"n","1043":" ","1044":" ","1045":" ","1046":" ","1047":"<","1048":"/","1049":"d","1050":"i","1051":"v","1052":">","1053":"\\","1054":"n","1055":"<","1056":"/","1057":"t","1058":"e","1059":"m","1060":"p","1061":"l","1062":"a","1063":"t","1064":"e","1065":">","1066":"\\","1067":"n","1068":" ","1069":" ","1070":"\\","1071":"n","1072":"<","1073":"s","1074":"c","1075":"r","1076":"i","1077":"p","1078":"t","1079":">","1080":"\\","1081":"n","1082":" ","1083":" ","1084":"e","1085":"x","1086":"p","1087":"o","1088":"r","1089":"t","1090":" ","1091":"d","1092":"e","1093":"f","1094":"a","1095":"u","1096":"l","1097":"t","1098":" ","1099":"{","1100":"\\","1101":"n","1102":" ","1103":" ","1104":" ","1105":" ","1106":"n","1107":"a","1108":"m","1109":"e","1110":":","1111":" ","1112":"'","1113":"I","1114":"n","1115":"p","1116":"u","1117":"t","1118":"F","1119":"i","1120":"l","1121":"e","1122":"'","1123":",","1124":"\\","1125":"n","1126":" ","1127":" ","1128":" ","1129":" ","1130":"m","1131":"e","1132":"t","1133":"h","1134":"o","1135":"d","1136":"s","1137":":","1138":" ","1139":"{","1140":"\\","1141":"n","1142":" ","1143":" ","1144":" ","1145":" ","1146":" ","1147":" ","1148":"h","1149":"a","1150":"n","1151":"d","1152":"l","1153":"e","1154":"F","1155":"i","1156":"l","1157":"e","1158":"U","1159":"p","1160":"l","1161":"o","1162":"a","1163":"d","1164":"(","1165":"e","1166":"v","1167":"e","1168":"n","1169":"t","1170":")","1171":" ","1172":"{","1173":"\\","1174":"n","1175":" ","1176":" ","1177":" ","1178":" ","1179":" ","1180":" ","1181":" ","1182":" ","1183":"c","1184":"o","1185":"n","1186":"s","1187":"t","1188":" ","1189":"f","1190":"i","1191":"l","1192":"e","1193":" ","1194":"=","1195":" ","1196":"e","1197":"v","1198":"e","1199":"n","1200":"t","1201":".","1202":"t","1203":"a","1204":"r","1205":"g","1206":"e","1207":"t","1208":".","1209":"f","1210":"i","1211":"l","1212":"e","1213":"s","1214":"[","1215":"0","1216":"]","1217":";","1218":"\\","1219":"n","1220":" ","1221":" ","1222":" ","1223":" ","1224":" ","1225":" ","1226":" ","1227":" ","1228":"i","1229":"f","1230":" ","1231":"(","1232":"t","1233":"h","1234":"i","1235":"s","1236":".","1237":"i","1238":"s","1239":"E","1240":"x","1241":"t","1242":"e","1243":"n","1244":"s","1245":"i","1246":"o","1247":"n","1248":"A","1249":"l","1250":"l","1251":"o","1252":"w","1253":"e","1254":"d","1255":"(","1256":"f","1257":"i","1258":"l","1259":"e","1260":")","1261":" ","1262":"&","1263":"&","1264":" ","1265":"t","1266":"h","1267":"i","1268":"s","1269":".","1270":"i","1271":"s","1272":"S","1273":"i","1274":"z","1275":"e","1276":"V","1277":"a","1278":"l","1279":"i","1280":"d","1281":"(","1282":"f","1283":"i","1284":"l","1285":"e","1286":")","1287":")","1288":" ","1289":"{","1290":"\\","1291":"n","1292":" ","1293":" ","1294":" ","1295":" ","1296":" ","1297":" ","1298":" ","1299":" ","1300":" ","1301":" ","1302":"c","1303":"o","1304":"n","1305":"s","1306":"o","1307":"l","1308":"e","1309":".","1310":"l","1311":"o","1312":"g","1313":"(","1314":"\\","1315":"\"","1316":"I","1317":"l","1318":" ","1319":"f","1320":"i","1321":"l","1322":"e","1323":" ","1324":"è","1325":" ","1326":"v","1327":"a","1328":"l","1329":"i","1330":"d","1331":"o","1332":".","1333":"\\","1334":"\"","1335":")","1336":";","1337":"\\","1338":"n","1339":" ","1340":" ","1341":" ","1342":" ","1343":" ","1344":" ","1345":" ","1346":" ","1347":" ","1348":" ","1349":"t","1350":"h","1351":"i","1352":"s","1353":".","1354":"$","1355":"e","1356":"m","1357":"i","1358":"t","1359":"(","1360":"'","1361":"f","1362":"i","1363":"l","1364":"e","1365":"-","1366":"s","1367":"e","1368":"l","1369":"e","1370":"c","1371":"t","1372":"e","1373":"d","1374":"'","1375":",","1376":" ","1377":"f","1378":"i","1379":"l","1380":"e","1381":")","1382":";","1383":"\\","1384":"n","1385":" ","1386":" ","1387":" ","1388":" ","1389":" ","1390":" ","1391":" ","1392":" ","1393":"}","1394":" ","1395":"e","1396":"l","1397":"s","1398":"e","1399":" ","1400":"{","1401":"\\","1402":"n","1403":" ","1404":" ","1405":" ","1406":" ","1407":" ","1408":" ","1409":" ","1410":" ","1411":" ","1412":" ","1413":"c","1414":"o","1415":"n","1416":"s","1417":"o","1418":"l","1419":"e","1420":".","1421":"e","1422":"r","1423":"r","1424":"o","1425":"r","1426":"(","1427":"'","1428":"I","1429":"l","1430":" ","1431":"f","1432":"i","1433":"l","1434":"e","1435":" ","1436":"n","1437":"o","1438":"n","1439":" ","1440":"è","1441":" ","1442":"v","1443":"a","1444":"l","1445":"i","1446":"d","1447":"o","1448":".","1449":"'","1450":")","1451":";","1452":"\\","1453":"n","1454":" ","1455":" ","1456":" ","1457":" ","1458":" ","1459":" ","1460":" ","1461":" ","1462":" ","1463":" ","1464":"r","1465":"e","1466":"t","1467":"u","1468":"r","1469":"n","1470":" ","1471":"f","1472":"a","1473":"l","1474":"s","1475":"e","1476":";","1477":"\\","1478":"n","1479":" ","1480":" ","1481":" ","1482":" ","1483":" ","1484":" ","1485":" ","1486":" ","1487":"}","1488":"\\","1489":"n","1490":" ","1491":" ","1492":" ","1493":" ","1494":" ","1495":" ","1496":"}","1497":",","1498":"\\","1499":"n","1500":" ","1501":" ","1502":" ","1503":" ","1504":" ","1505":" ","1506":"i","1507":"s","1508":"E","1509":"x","1510":"t","1511":"e","1512":"n","1513":"s","1514":"i","1515":"o","1516":"n","1517":"A","1518":"l","1519":"l","1520":"o","1521":"w","1522":"e","1523":"d","1524":"(","1525":"f","1526":"i","1527":"l","1528":"e","1529":")","1530":" ","1531":"{","1532":"\\","1533":"n","1534":" ","1535":" ","1536":" ","1537":" ","1538":" ","1539":" ","1540":" ","1541":" ","1542":"c","1543":"o","1544":"n","1545":"s","1546":"t","1547":" ","1548":"a","1549":"l","1550":"l","1551":"o","1552":"w","1553":"e","1554":"d","1555":"E","1556":"x","1557":"t","1558":"e","1559":"n","1560":"s","1561":"i","1562":"o","1563":"n","1564":"s","1565":" ","1566":"=","1567":" ","1568":"[","1569":"'","1570":".","1571":"j","1572":"s","1573":"o","1574":"n","1575":"'","1576":"]","1577":";","1578":"\\","1579":"n","1580":" ","1581":" ","1582":" ","1583":" ","1584":" ","1585":" ","1586":" ","1587":" ","1588":"c","1589":"o","1590":"n","1591":"s","1592":"t","1593":" ","1594":"e","1595":"x","1596":"t","1597":"e","1598":"n","1599":"s","1600":"i","1601":"o","1602":"n","1603":" ","1604":"=","1605":" ","1606":"f","1607":"i","1608":"l","1609":"e","1610":".","1611":"n","1612":"a","1613":"m","1614":"e","1615":".","1616":"s","1617":"p","1618":"l","1619":"i","1620":"t","1621":"(","1622":"'","1623":".","1624":"'","1625":")","1626":".","1627":"p","1628":"o","1629":"p","1630":"(","1631":")","1632":".","1633":"t","1634":"o","1635":"L","1636":"o","1637":"w","1638":"e","1639":"r","1640":"C","1641":"a","1642":"s","1643":"e","1644":"(","1645":")","1646":";","1647":"\\","1648":"n","1649":" ","1650":" ","1651":" ","1652":" ","1653":" ","1654":" ","1655":" ","1656":" ","1657":"r","1658":"e","1659":"t","1660":"u","1661":"r","1662":"n","1663":" ","1664":"a","1665":"l","1666":"l","1667":"o","1668":"w","1669":"e","1670":"d","1671":"E","1672":"x","1673":"t","1674":"e","1675":"n","1676":"s","1677":"i","1678":"o","1679":"n","1680":"s","1681":".","1682":"i","1683":"n","1684":"c","1685":"l","1686":"u","1687":"d","1688":"e","1689":"s","1690":"(","1691":"'","1692":".","1693":"'","1694":" ","1695":"+","1696":" ","1697":"e","1698":"x","1699":"t","1700":"e","1701":"n","1702":"s","1703":"i","1704":"o","1705":"n","1706":")","1707":";","1708":"\\","1709":"n","1710":" ","1711":" ","1712":" ","1713":" ","1714":" ","1715":" ","1716":"}","1717":",","1718":"\\","1719":"n","1720":" ","1721":" ","1722":" ","1723":" ","1724":" ","1725":" ","1726":"i","1727":"s","1728":"S","1729":"i","1730":"z","1731":"e","1732":"V","1733":"a","1734":"l","1735":"i","1736":"d","1737":"(","1738":"f","1739":"i","1740":"l","1741":"e","1742":")","1743":" ","1744":"{","1745":"\\","1746":"n","1747":" ","1748":" ","1749":" ","1750":" ","1751":" ","1752":" ","1753":" ","1754":" ","1755":"c","1756":"o","1757":"n","1758":"s","1759":"t","1760":" ","1761":"m","1762":"a","1763":"x","1764":"S","1765":"i","1766":"z","1767":"e","1768":" ","1769":"=","1770":" ","1771":"5","1772":"0","1773":"0","1774":" ","1775":"*","1776":" ","1777":"1","1778":"0","1779":"2","1780":"4","1781":";","1782":" ","1783":"\\","1784":"n","1785":" ","1786":" ","1787":" ","1788":" ","1789":" ","1790":" ","1791":" ","1792":" ","1793":"r","1794":"e","1795":"t","1796":"u","1797":"r","1798":"n","1799":" ","1800":"f","1801":"i","1802":"l","1803":"e","1804":".","1805":"s","1806":"i","1807":"z","1808":"e","1809":" ","1810":"<","1811":"=","1812":" ","1813":"m","1814":"a","1815":"x","1816":"S","1817":"i","1818":"z","1819":"e","1820":";","1821":"\\","1822":"n","1823":" ","1824":" ","1825":" ","1826":" ","1827":" ","1828":" ","1829":"}","1830":"\\","1831":"n","1832":" ","1833":" ","1834":" ","1835":" ","1836":"}","1837":"\\","1838":"n","1839":" ","1840":" ","1841":"}","1842":"\\","1843":"n","1844":"<","1845":"/","1846":"s","1847":"c","1848":"r","1849":"i","1850":"p","1851":"t","1852":">","1853":"\\","1854":"n","1855":" ","1856":" ","1857":"\"","1858":"]","1859":"}"},"_coverageSchema":"1a1c01bbd47fc00a2c39e90264f33305004495a9","hash":"e8746bf8202aa34b91c2338e05b9b39c7d4a7aa2"}
,"/Users/osama/Developer/SWE/ChatSQL/frontend/src/components/InputRequest.vue": {"path":"/Users/osama/Developer/SWE/ChatSQL/frontend/src/components/InputRequest.vue","statementMap":{"0":{"start":{"line":4,"column":0},"end":{"line":6,"column":3}},"1":{"start":{"line":7,"column":0},"end":{"line":7,"column":25}},"2":{"start":{"line":27,"column":0},"end":{"line":27,"column":13}},"3":{"start":{"line":29,"column":0},"end":{"line":31,"column":3}},"4":{"start":{"line":32,"column":0},"end":{"line":32,"column":24}},"5":{"start":{"line":33,"column":11},"end":{"line":33,"column":25}},"6":{"start":{"line":35,"column":2},"end":{"line":38,"column":77}},"7":{"start":{"line":36,"column":63},"end":{"line":36,"column":91}},"8":{"start":{"line":39,"column":2},"end":{"line":39,"column":49}}},"fnMap":{"0":{"name":"render","decl":{"start":{"line":34,"column":9},"end":{"line":34,"column":15}},"loc":{"start":{"line":34,"column":30},"end":{"line":39,"column":1}},"line":34},"1":{"name":"(anonymous_1)","decl":{"start":{"line":36,"column":53},"end":{"line":36,"column":54}},"loc":{"start":{"line":36,"column":63},"end":{"line":36,"column":91}},"line":36}},"branchMap":{"0":{"loc":{"start":{"line":36,"column":27},"end":{"line":36,"column":92}},"type":"binary-expr","locations":[{"start":{"line":36,"column":27},"end":{"line":36,"column":36}},{"start":{"line":36,"column":41},"end":{"line":36,"column":91}}],"line":36}},"s":{"0":2,"1":2,"2":2,"3":2,"4":2,"5":2,"6":3,"7":1,"8":2},"f":{"0":3,"1":1},"b":{"0":[3,2]},"inputSourceMap":{"0":"{","1":"\"","2":"v","3":"e","4":"r","5":"s","6":"i","7":"o","8":"n","9":"\"","10":":","11":"3","12":",","13":"\"","14":"s","15":"o","16":"u","17":"r","18":"c","19":"e","20":"s","21":"\"","22":":","23":"[","24":"\"","25":"/","26":"U","27":"s","28":"e","29":"r","30":"s","31":"/","32":"o","33":"s","34":"a","35":"m","36":"a","37":"/","38":"D","39":"e","40":"v","41":"e","42":"l","43":"o","44":"p","45":"e","46":"r","47":"/","48":"S","49":"W","50":"E","51":"/","52":"C","53":"h","54":"a","55":"t","56":"S","57":"Q","58":"L","59":"/","60":"f","61":"r","62":"o","63":"n","64":"t","65":"e","66":"n","67":"d","68":"/","69":"s","70":"r","71":"c","72":"/","73":"c","74":"o","75":"m","76":"p","77":"o","78":"n","79":"e","80":"n","81":"t","82":"s","83":"/","84":"I","85":"n","86":"p","87":"u","88":"t","89":"R","90":"e","91":"q","92":"u","93":"e","94":"s","95":"t","96":".","97":"v","98":"u","99":"e","100":"\"","101":"]","102":",","103":"\"","104":"n","105":"a","106":"m","107":"e","108":"s","109":"\"","110":":","111":"[","112":"]","113":",","114":"\"","115":"m","116":"a","117":"p","118":"p","119":"i","120":"n","121":"g","122":"s","123":"\"","124":":","125":"\"","126":";","127":";","128":";","129":";","130":";","131":";","132":";","133":"A","134":"A","135":"K","136":"E","137":";","138":"A","139":"A","140":"A","141":"A","142":";","143":"A","144":"A","145":"A","146":"A","147":";","148":"A","149":"A","150":"A","151":"y","152":"B","153":";","154":"A","155":"A","156":"A","157":"A","158":",","159":"i","160":"C","161":"A","162":"E","163":"V","164":";","165":"E","166":"A","167":"C","168":"b","169":",","170":"I","171":"A","172":"A","173":"I","174":",","175":"E","176":"A","177":"A","178":"E","179":",","180":"c","181":"A","182":"A","183":"c","184":";","185":"E","186":"A","187":"C","188":"p","189":"B","190":",","191":"K","192":"A","193":"A","194":"K","195":",","196":"G","197":"A","198":"A","199":"G","200":";","201":"I","202":"A","203":"C","204":"N","205":",","206":"M","207":"A","208":"A","209":"M","210":",","211":"c","212":"A","213":"A","214":"c","215":";","216":"I","217":"A","218":"A","219":"G","220":";","221":"I","222":"A","223":"A","224":"A","225":";","226":"I","227":"A","228":"A","229":"A","230":";","231":"I","232":"A","233":"A","234":"A","235":";","236":"I","237":"A","238":"A","239":"A","240":";","241":"I","242":"A","243":"A","244":"A","245":",","246":"G","247":"A","248":"A","249":"G","250":",","251":"E","252":"A","253":"A","254":"C","255":",","256":"E","257":"A","258":"A","259":"E","260":",","261":"C","262":"A","263":"A","264":"C","265":";","266":"I","267":"A","268":"E","269":"9","270":"B","271":",","272":"O","273":"A","274":"A","275":"O","276":";","277":"M","278":"A","279":"C","280":"L","281":";","282":"I","283":"A","284":"C","285":"F","286":",","287":"C","288":"A","289":"A","290":"C","291":";","292":"E","293":"A","294":"C","295":"H","296":";","297":"A","298":"A","299":"C","300":"F","301":",","302":"C","303":"A","304":"A","305":"C","306":"\"","307":",","308":"\"","309":"f","310":"i","311":"l","312":"e","313":"\"","314":":","315":"\"","316":"/","317":"U","318":"s","319":"e","320":"r","321":"s","322":"/","323":"o","324":"s","325":"a","326":"m","327":"a","328":"/","329":"D","330":"e","331":"v","332":"e","333":"l","334":"o","335":"p","336":"e","337":"r","338":"/","339":"S","340":"W","341":"E","342":"/","343":"C","344":"h","345":"a","346":"t","347":"S","348":"Q","349":"L","350":"/","351":"f","352":"r","353":"o","354":"n","355":"t","356":"e","357":"n","358":"d","359":"/","360":"s","361":"r","362":"c","363":"/","364":"c","365":"o","366":"m","367":"p","368":"o","369":"n","370":"e","371":"n","372":"t","373":"s","374":"/","375":"I","376":"n","377":"p","378":"u","379":"t","380":"R","381":"e","382":"q","383":"u","384":"e","385":"s","386":"t","387":".","388":"v","389":"u","390":"e","391":"\"","392":",","393":"\"","394":"s","395":"o","396":"u","397":"r","398":"c","399":"e","400":"s","401":"C","402":"o","403":"n","404":"t","405":"e","406":"n","407":"t","408":"\"","409":":","410":"[","411":"\"","412":"<","413":"t","414":"e","415":"m","416":"p","417":"l","418":"a","419":"t","420":"e","421":">","422":"\\","423":"n","424":" ","425":" ","426":" ","427":" ","428":"<","429":"i","430":"n","431":"p","432":"u","433":"t","434":" ","435":"v","436":"-","437":"m","438":"o","439":"d","440":"e","441":"l","442":"=","443":"\\","444":"\"","445":"r","446":"e","447":"q","448":"u","449":"e","450":"s","451":"t","452":"M","453":"e","454":"s","455":"s","456":"a","457":"g","458":"e","459":"\\","460":"\"","461":" ","462":"n","463":"a","464":"m","465":"e","466":"=","467":"\\","468":"\"","469":"r","470":"e","471":"q","472":"u","473":"e","474":"s","475":"t","476":"M","477":"e","478":"s","479":"s","480":"a","481":"g","482":"e","483":"\\","484":"\"","485":">","486":"\\","487":"n","488":" ","489":" ","490":"<","491":"/","492":"t","493":"e","494":"m","495":"p","496":"l","497":"a","498":"t","499":"e","500":">","501":"\\","502":"n","503":" ","504":" ","505":"\\","506":"n","507":" ","508":" ","509":"<","510":"s","511":"c","512":"r","513":"i","514":"p","515":"t","516":">","517":"\\","518":"n","519":" ","520":" ","521":"i","522":"m","523":"p","524":"o","525":"r","526":"t","527":" ","528":"{","529":" ","530":"r","531":"e","532":"f","533":" ","534":"}","535":" ","536":"f","537":"r","538":"o","539":"m","540":" ","541":"'","542":"v","543":"u","544":"e","545":"'","546":"\\","547":"n","548":" ","549":" ","550":"\\","551":"n","552":" ","553":" ","554":"e","555":"x","556":"p","557":"o","558":"r","559":"t","560":" ","561":"d","562":"e","563":"f","564":"a","565":"u","566":"l","567":"t","568":" ","569":"{","570":"\\","571":"n","572":" ","573":" ","574":" ","575":" ","576":"n","577":"a","578":"m","579":"e","580":":","581":" ","582":"'","583":"I","584":"n","585":"p","586":"u","587":"t","588":"R","589":"e","590":"q","591":"u","592":"e","593":"s","594":"t","595":"'","596":",","597":"\\","598":"n","599":" ","600":" ","601":" ","602":" ","603":"s","604":"e","605":"t","606":"u","607":"p","608":"(","609":")","610":" ","611":"{","612":"\\","613":"n","614":" ","615":" ","616":" ","617":" ","618":" ","619":" ","620":"c","621":"o","622":"n","623":"s","624":"t","625":" ","626":"r","627":"e","628":"q","629":"u","630":"e","631":"s","632":"t","633":"M","634":"e","635":"s","636":"s","637":"a","638":"g","639":"e","640":" ","641":"=","642":" ","643":"r","644":"e","645":"f","646":"(","647":"'","648":"'","649":")","650":"\\","651":"n","652":" ","653":" ","654":"\\","655":"n","656":" ","657":" ","658":" ","659":" ","660":" ","661":" ","662":"r","663":"e","664":"t","665":"u","666":"r","667":"n","668":" ","669":"{","670":"\\","671":"n","672":" ","673":" ","674":" ","675":" ","676":" ","677":" ","678":" ","679":" ","680":"r","681":"e","682":"q","683":"u","684":"e","685":"s","686":"t","687":"M","688":"e","689":"s","690":"s","691":"a","692":"g","693":"e","694":"\\","695":"n","696":" ","697":" ","698":" ","699":" ","700":" ","701":" ","702":"}","703":"\\","704":"n","705":" ","706":" ","707":" ","708":" ","709":"}","710":"\\","711":"n","712":" ","713":" ","714":"}","715":"\\","716":"n","717":" ","718":" ","719":"<","720":"/","721":"s","722":"c","723":"r","724":"i","725":"p","726":"t","727":">","728":"\"","729":"]","730":"}"},"_coverageSchema":"1a1c01bbd47fc00a2c39e90264f33305004495a9","hash":"fca03b00e7976743aa75ac0e62ec479fb1c13360"}
,"/Users/osama/Developer/SWE/ChatSQL/frontend/src/components/RedirectButton.vue": {"path":"/Users/osama/Developer/SWE/ChatSQL/frontend/src/components/RedirectButton.vue","statementMap":{"0":{"start":{"line":4,"column":0},"end":{"line":6,"column":3}},"1":{"start":{"line":7,"column":0},"end":{"line":7,"column":25}},"2":{"start":{"line":8,"column":0},"end":{"line":8,"column":44}},"3":{"start":{"line":42,"column":0},"end":{"line":42,"column":13}},"4":{"start":{"line":44,"column":0},"end":{"line":46,"column":3}},"5":{"start":{"line":47,"column":0},"end":{"line":47,"column":24}},"6":{"start":{"line":48,"column":11},"end":{"line":48,"column":25}},"7":{"start":{"line":49,"column":19},"end":{"line":49,"column":34}},"8":{"start":{"line":51,"column":2},"end":{"line":54,"column":80}},"9":{"start":{"line":53,"column":52},"end":{"line":53,"column":97}},"10":{"start":{"line":55,"column":2},"end":{"line":55,"column":49}}},"fnMap":{"0":{"name":"render","decl":{"start":{"line":50,"column":9},"end":{"line":50,"column":15}},"loc":{"start":{"line":50,"column":30},"end":{"line":55,"column":1}},"line":50},"1":{"name":"(anonymous_1)","decl":{"start":{"line":53,"column":39},"end":{"line":53,"column":40}},"loc":{"start":{"line":53,"column":52},"end":{"line":53,"column":97}},"line":53}},"branchMap":{"0":{"loc":{"start":{"line":53,"column":13},"end":{"line":53,"column":98}},"type":"binary-expr","locations":[{"start":{"line":53,"column":13},"end":{"line":53,"column":22}},{"start":{"line":53,"column":27},"end":{"line":53,"column":97}}],"line":53},"1":{"loc":{"start":{"line":53,"column":52},"end":{"line":53,"column":97}},"type":"binary-expr","locations":[{"start":{"line":53,"column":52},"end":{"line":53,"column":68}},{"start":{"line":53,"column":72},"end":{"line":53,"column":97}}],"line":53}},"s":{"0":1,"1":1,"2":1,"3":1,"4":1,"5":1,"6":1,"7":1,"8":4,"9":4,"10":1},"f":{"0":4,"1":4},"b":{"0":[4,4],"1":[4,4]},"inputSourceMap":{"0":"{","1":"\"","2":"v","3":"e","4":"r","5":"s","6":"i","7":"o","8":"n","9":"\"","10":":","11":"3","12":",","13":"\"","14":"s","15":"o","16":"u","17":"r","18":"c","19":"e","20":"s","21":"\"","22":":","23":"[","24":"\"","25":"/","26":"U","27":"s","28":"e","29":"r","30":"s","31":"/","32":"o","33":"s","34":"a","35":"m","36":"a","37":"/","38":"D","39":"e","40":"v","41":"e","42":"l","43":"o","44":"p","45":"e","46":"r","47":"/","48":"S","49":"W","50":"E","51":"/","52":"C","53":"h","54":"a","55":"t","56":"S","57":"Q","58":"L","59":"/","60":"f","61":"r","62":"o","63":"n","64":"t","65":"e","66":"n","67":"d","68":"/","69":"s","70":"r","71":"c","72":"/","73":"c","74":"o","75":"m","76":"p","77":"o","78":"n","79":"e","80":"n","81":"t","82":"s","83":"/","84":"R","85":"e","86":"d","87":"i","88":"r","89":"e","90":"c","91":"t","92":"B","93":"u","94":"t","95":"t","96":"o","97":"n","98":".","99":"v","100":"u","101":"e","102":"\"","103":"]","104":",","105":"\"","106":"n","107":"a","108":"m","109":"e","110":"s","111":"\"","112":":","113":"[","114":"]","115":",","116":"\"","117":"m","118":"a","119":"p","120":"p","121":"i","122":"n","123":"g","124":"s","125":"\"","126":":","127":"\"","128":";","129":";","130":";","131":";","132":";","133":";","134":";","135":";","136":"A","137":"A","138":"O","139":"A","140":";","141":"A","142":"A","143":"A","144":"A","145":";","146":"A","147":"A","148":"A","149":"A","150":";","151":"A","152":"A","153":"A","154":"u","155":"C","156":";","157":"A","158":"A","159":"A","160":"A","161":",","162":"i","163":"C","164":"A","165":"E","166":"x","167":"B","168":";","169":"E","170":"A","171":"C","172":"b","173":",","174":"I","175":"A","176":"A","177":"I","178":",","179":"E","180":"A","181":"A","182":"E","183":",","184":"g","185":"B","186":"A","187":"A","188":"g","189":"B","190":";","191":"E","192":"A","193":"C","194":"t","195":"B","196":",","197":"K","198":"A","199":"A","200":"K","201":",","202":"E","203":"A","204":"A","205":"E","206":";","207":"I","208":"A","209":"C","210":"L","211":",","212":"W","213":"A","214":"A","215":"W","216":",","217":"E","218":"A","219":"A","220":"E","221":",","222":"M","223":"A","224":"A","225":"M","226":";","227":"I","228":"A","229":"C","230":"n","231":"B","232":",","233":"W","234":"A","235":"A","236":"W","237":",","238":"E","239":"A","240":"A","241":"E","242":";","243":"E","244":"A","245":"C","246":"f","247":",","248":"C","249":"A","250":"A","251":"C","252":";","253":"E","254":"A","255":"C","256":"D","257":",","258":"K","259":"A","260":"A","261":"K","262":",","263":"C","264":"A","265":"A","266":"C","267":",","268":"K","269":"A","270":"A","271":"K","272":",","273":"E","274":"A","275":"A","276":"E","277":";","278":"I","279":"A","280":"C","281":"X","282":",","283":"M","284":"A","285":"A","286":"M","287":",","288":"M","289":"A","290":"A","291":"M","292":";","293":"I","294":"A","295":"A","296":"G","297":";","298":"I","299":"A","300":"A","301":"A","302":";","303":"I","304":"A","305":"A","306":"A","307":";","308":"I","309":"A","310":"A","311":"A","312":";","313":"I","314":"A","315":"A","316":"A","317":";","318":"I","319":"A","320":"A","321":"A","322":",","323":"S","324":"A","325":"A","326":"S","327":",","328":"E","329":"A","330":"A","331":"C","332":",","333":"C","334":"A","335":"A","336":"C","337":";","338":"I","339":"A","340":"E","341":"1","342":"B","343":",","344":"S","345":"A","346":"A","347":"S","348":",","349":"W","350":"A","351":"A","352":"W","353":",","354":"G","355":"A","356":"A","357":"G","358":";","359":"M","360":"A","361":"C","362":"r","363":"B","364":",","365":"I","366":"A","367":"A","368":"I","369":";","370":"Q","371":"A","372":"C","373":"F","374":",","375":"M","376":"A","377":"A","378":"M","379":",","380":"C","381":"A","382":"A","383":"C","384":",","385":"I","386":"A","387":"A","388":"I","389":",","390":"C","391":"A","392":"A","393":"C","394":";","395":"U","396":"A","397":"A","398":"E","399":",","400":"I","401":"A","402":"A","403":"I","404":",","405":"E","406":"A","407":"A","408":"E","409":",","410":"K","411":"A","412":"A","413":"K","414":",","415":"C","416":"A","417":"A","418":"C","419":";","420":"Q","421":"A","422":"A","423":"Y","424":",","425":"C","426":"A","427":"A","428":"C","429":",","430":"C","431":"A","432":"A","433":"C","434":";","435":"M","436":"A","437":"C","438":"1","439":"C","440":",","441":"C","442":"A","443":"A","444":"C","445":",","446":"C","447":"A","448":"A","449":"C","450":",","451":"O","452":"A","453":"A","454":"O","455":",","456":"K","457":"A","458":"A","459":"K","460":",","461":"E","462":"A","463":"A","464":"E","465":";","466":"Q","467":"A","468":"C","469":"d","470":",","471":"O","472":"A","473":"A","474":"O","475":",","476":"C","477":"A","478":"A","479":"C","480":",","481":"K","482":"A","483":"A","484":"K","485":",","486":"C","487":"A","488":"A","489":"C","490":",","491":"K","492":"A","493":"A","494":"K","495":",","496":"C","497":"A","498":"A","499":"C","500":";","501":"M","502":"A","503":"C","504":"t","505":"B","506":";","507":"I","508":"A","509":"C","510":"F","511":";","512":"I","513":"A","514":"E","515":"A","516":",","517":"O","518":"A","519":"A","520":"O","521":";","522":"M","523":"A","524":"C","525":"L","526":",","527":"W","528":"A","529":"A","530":"W","531":";","532":"M","533":"A","534":"C","535":"X","536":";","537":"I","538":"A","539":"C","540":"F","541":",","542":"C","543":"A","544":"A","545":"C","546":";","547":"E","548":"A","549":"C","550":"H","551":";","552":"A","553":"A","554":"C","555":"F","556":",","557":"C","558":"A","559":"A","560":"C","561":"\"","562":",","563":"\"","564":"f","565":"i","566":"l","567":"e","568":"\"","569":":","570":"\"","571":"/","572":"U","573":"s","574":"e","575":"r","576":"s","577":"/","578":"o","579":"s","580":"a","581":"m","582":"a","583":"/","584":"D","585":"e","586":"v","587":"e","588":"l","589":"o","590":"p","591":"e","592":"r","593":"/","594":"S","595":"W","596":"E","597":"/","598":"C","599":"h","600":"a","601":"t","602":"S","603":"Q","604":"L","605":"/","606":"f","607":"r","608":"o","609":"n","610":"t","611":"e","612":"n","613":"d","614":"/","615":"s","616":"r","617":"c","618":"/","619":"c","620":"o","621":"m","622":"p","623":"o","624":"n","625":"e","626":"n","627":"t","628":"s","629":"/","630":"R","631":"e","632":"d","633":"i","634":"r","635":"e","636":"c","637":"t","638":"B","639":"u","640":"t","641":"t","642":"o","643":"n","644":".","645":"v","646":"u","647":"e","648":"\"","649":",","650":"\"","651":"s","652":"o","653":"u","654":"r","655":"c","656":"e","657":"s","658":"C","659":"o","660":"n","661":"t","662":"e","663":"n","664":"t","665":"\"","666":":","667":"[","668":"\"","669":"<","670":"t","671":"e","672":"m","673":"p","674":"l","675":"a","676":"t","677":"e","678":">","679":"\\","680":"n","681":" ","682":" ","683":"<","684":"b","685":"u","686":"t","687":"t","688":"o","689":"n","690":" ","691":":","692":"b","693":"u","694":"t","695":"t","696":"o","697":"n","698":"C","699":"l","700":"a","701":"s","702":"s","703":"=","704":"\\","705":"\"","706":"b","707":"u","708":"t","709":"t","710":"o","711":"n","712":"C","713":"l","714":"a","715":"s","716":"s","717":"\\","718":"\"","719":" ","720":"@","721":"c","722":"l","723":"i","724":"c","725":"k","726":"=","727":"\\","728":"\"","729":"h","730":"a","731":"n","732":"d","733":"l","734":"e","735":"C","736":"l","737":"i","738":"c","739":"k","740":"\\","741":"\"","742":">","743":"\\","744":"n","745":" ","746":" ","747":" ","748":" ","749":"<","750":"s","751":"l","752":"o","753":"t","754":">","755":"<","756":"/","757":"s","758":"l","759":"o","760":"t","761":">","762":"\\","763":"n","764":" ","765":" ","766":"<","767":"/","768":"b","769":"u","770":"t","771":"t","772":"o","773":"n","774":">","775":"\\","776":"n","777":"<","778":"/","779":"t","780":"e","781":"m","782":"p","783":"l","784":"a","785":"t","786":"e","787":">","788":"\\","789":"n","790":"\\","791":"n","792":"<","793":"s","794":"c","795":"r","796":"i","797":"p","798":"t","799":">","800":"\\","801":"n","802":"i","803":"m","804":"p","805":"o","806":"r","807":"t","808":" ","809":"{","810":" ","811":"u","812":"s","813":"e","814":"R","815":"o","816":"u","817":"t","818":"e","819":"r","820":" ","821":"}","822":" ","823":"f","824":"r","825":"o","826":"m","827":" ","828":"'","829":"v","830":"u","831":"e","832":"-","833":"r","834":"o","835":"u","836":"t","837":"e","838":"r","839":"'","840":";","841":"\\","842":"n","843":"\\","844":"n","845":"e","846":"x","847":"p","848":"o","849":"r","850":"t","851":" ","852":"d","853":"e","854":"f","855":"a","856":"u","857":"l","858":"t","859":" ","860":"{","861":"\\","862":"n","863":" ","864":" ","865":"n","866":"a","867":"m","868":"e","869":":","870":" ","871":"'","872":"R","873":"e","874":"d","875":"i","876":"r","877":"e","878":"c","879":"t","880":"B","881":"u","882":"t","883":"t","884":"o","885":"n","886":"'","887":",","888":"\\","889":"n","890":" ","891":" ","892":"p","893":"r","894":"o","895":"p","896":"s","897":":","898":" ","899":"{","900":"\\","901":"n","902":" ","903":" ","904":" ","905":" ","906":"d","907":"e","908":"s","909":"t","910":"i","911":"n","912":"a","913":"t","914":"i","915":"o","916":"n","917":":","918":" ","919":"S","920":"t","921":"r","922":"i","923":"n","924":"g","925":",","926":"\\","927":"n","928":" ","929":" ","930":" ","931":" ","932":"b","933":"u","934":"t","935":"t","936":"o","937":"n","938":"C","939":"l","940":"a","941":"s","942":"s","943":":","944":" ","945":"S","946":"t","947":"r","948":"i","949":"n","950":"g","951":"\\","952":"n","953":" ","954":" ","955":"}","956":",","957":"\\","958":"n","959":" ","960":" ","961":"s","962":"e","963":"t","964":"u","965":"p","966":"(","967":"p","968":"r","969":"o","970":"p","971":"s","972":")","973":" ","974":"{","975":"\\","976":"n","977":" ","978":" ","979":" ","980":" ","981":"c","982":"o","983":"n","984":"s","985":"t","986":" ","987":"r","988":"o","989":"u","990":"t","991":"e","992":"r","993":" ","994":"=","995":" ","996":"u","997":"s","998":"e","999":"R","1000":"o","1001":"u","1002":"t","1003":"e","1004":"r","1005":"(","1006":")","1007":";","1008":"\\","1009":"n","1010":"\\","1011":"n","1012":" ","1013":" ","1014":" ","1015":" ","1016":"f","1017":"u","1018":"n","1019":"c","1020":"t","1021":"i","1022":"o","1023":"n","1024":" ","1025":"h","1026":"a","1027":"n","1028":"d","1029":"l","1030":"e","1031":"C","1032":"l","1033":"i","1034":"c","1035":"k","1036":"(","1037":")","1038":" ","1039":"{","1040":"\\","1041":"n","1042":" ","1043":" ","1044":" ","1045":" ","1046":" ","1047":" ","1048":"t","1049":"r","1050":"y","1051":" ","1052":"{","1053":"\\","1054":"n","1055":" ","1056":" ","1057":" ","1058":" ","1059":" ","1060":" ","1061":" ","1062":" ","1063":"r","1064":"o","1065":"u","1066":"t","1067":"e","1068":"r","1069":".","1070":"p","1071":"u","1072":"s","1073":"h","1074":"(","1075":"{","1076":" ","1077":"p","1078":"a","1079":"t","1080":"h","1081":":","1082":" ","1083":"p","1084":"r","1085":"o","1086":"p","1087":"s","1088":".","1089":"d","1090":"e","1091":"s","1092":"t","1093":"i","1094":"n","1095":"a","1096":"t","1097":"i","1098":"o","1099":"n","1100":" ","1101":"}","1102":")","1103":";","1104":"\\","1105":"n","1106":" ","1107":" ","1108":" ","1109":" ","1110":" ","1111":" ","1112":"}","1113":" ","1114":"c","1115":"a","1116":"t","1117":"c","1118":"h","1119":" ","1120":"(","1121":"e","1122":"r","1123":"r","1124":"o","1125":"r","1126":")","1127":" ","1128":"{","1129":"\\","1130":"n","1131":" ","1132":" ","1133":" ","1134":" ","1135":" ","1136":" ","1137":" ","1138":" ","1139":"c","1140":"o","1141":"n","1142":"s","1143":"o","1144":"l","1145":"e","1146":".","1147":"e","1148":"r","1149":"r","1150":"o","1151":"r","1152":"(","1153":"e","1154":"r","1155":"r","1156":"o","1157":"r","1158":")","1159":";","1160":"\\","1161":"n","1162":" ","1163":" ","1164":" ","1165":" ","1166":" ","1167":" ","1168":"}","1169":"\\","1170":"n","1171":" ","1172":" ","1173":" ","1174":" ","1175":"}","1176":"\\","1177":"n","1178":"\\","1179":"n","1180":" ","1181":" ","1182":" ","1183":" ","1184":"r","1185":"e","1186":"t","1187":"u","1188":"r","1189":"n","1190":" ","1191":"{","1192":"\\","1193":"n","1194":" ","1195":" ","1196":" ","1197":" ","1198":" ","1199":" ","1200":"h","1201":"a","1202":"n","1203":"d","1204":"l","1205":"e","1206":"C","1207":"l","1208":"i","1209":"c","1210":"k","1211":",","1212":"\\","1213":"n","1214":" ","1215":" ","1216":" ","1217":" ","1218":" ","1219":" ","1220":"r","1221":"o","1222":"u","1223":"t","1224":"e","1225":"r","1226":"\\","1227":"n","1228":" ","1229":" ","1230":" ","1231":" ","1232":"}","1233":";","1234":"\\","1235":"n","1236":" ","1237":" ","1238":"}","1239":"\\","1240":"n","1241":"}","1242":";","1243":"\\","1244":"n","1245":"<","1246":"/","1247":"s","1248":"c","1249":"r","1250":"i","1251":"p","1252":"t","1253":">","1254":"\\","1255":"n","1256":"\"","1257":"]","1258":"}"},"_coverageSchema":"1a1c01bbd47fc00a2c39e90264f33305004495a9","hash":"90308b5f649dd3dfd42b6a4c0d7b21252c2876cc"}
,"/Users/osama/Developer/SWE/ChatSQL/frontend/src/components/SendRequestButton.vue": {"path":"/Users/osama/Developer/SWE/ChatSQL/frontend/src/components/SendRequestButton.vue","statementMap":{"0":{"start":{"line":4,"column":29},"end":{"line":4,"column":152}},"1":{"start":{"line":5,"column":0},"end":{"line":7,"column":3}},"2":{"start":{"line":8,"column":0},"end":{"line":8,"column":25}},"3":{"start":{"line":85,"column":0},"end":{"line":85,"column":13}},"4":{"start":{"line":87,"column":0},"end":{"line":89,"column":3}},"5":{"start":{"line":90,"column":0},"end":{"line":90,"column":24}},"6":{"start":{"line":91,"column":11},"end":{"line":91,"column":25}},"7":{"start":{"line":93,"column":2},"end":{"line":102,"column":20}},"8":{"start":{"line":96,"column":52},"end":{"line":96,"column":95}},"9":{"start":{"line":101,"column":52},"end":{"line":101,"column":97}},"10":{"start":{"line":103,"column":2},"end":{"line":103,"column":49}}},"fnMap":{"0":{"name":"render","decl":{"start":{"line":92,"column":9},"end":{"line":92,"column":15}},"loc":{"start":{"line":92,"column":30},"end":{"line":103,"column":1}},"line":92},"1":{"name":"(anonymous_1)","decl":{"start":{"line":96,"column":39},"end":{"line":96,"column":40}},"loc":{"start":{"line":96,"column":52},"end":{"line":96,"column":95}},"line":96},"2":{"name":"(anonymous_2)","decl":{"start":{"line":101,"column":39},"end":{"line":101,"column":40}},"loc":{"start":{"line":101,"column":52},"end":{"line":101,"column":97}},"line":101}},"branchMap":{"0":{"loc":{"start":{"line":93,"column":9},"end":{"line":102,"column":19}},"type":"cond-expr","locations":[{"start":{"line":93,"column":28},"end":{"line":97,"column":13}},{"start":{"line":97,"column":18},"end":{"line":102,"column":18}}],"line":93},"1":{"loc":{"start":{"line":96,"column":13},"end":{"line":96,"column":96}},"type":"binary-expr","locations":[{"start":{"line":96,"column":13},"end":{"line":96,"column":22}},{"start":{"line":96,"column":27},"end":{"line":96,"column":95}}],"line":96},"2":{"loc":{"start":{"line":96,"column":52},"end":{"line":96,"column":95}},"type":"binary-expr","locations":[{"start":{"line":96,"column":52},"end":{"line":96,"column":67}},{"start":{"line":96,"column":71},"end":{"line":96,"column":95}}],"line":96},"3":{"loc":{"start":{"line":101,"column":13},"end":{"line":101,"column":98}},"type":"binary-expr","locations":[{"start":{"line":101,"column":13},"end":{"line":101,"column":22}},{"start":{"line":101,"column":27},"end":{"line":101,"column":97}}],"line":101},"4":{"loc":{"start":{"line":101,"column":52},"end":{"line":101,"column":97}},"type":"binary-expr","locations":[{"start":{"line":101,"column":52},"end":{"line":101,"column":68}},{"start":{"line":101,"column":72},"end":{"line":101,"column":97}}],"line":101}},"s":{"0":2,"1":2,"2":2,"3":2,"4":2,"5":2,"6":2,"7":4,"8":1,"9":0,"10":2},"f":{"0":4,"1":1,"2":0},"b":{"0":[3,1],"1":[3,2],"2":[1,1],"3":[1,1],"4":[0,0]},"inputSourceMap":{"0":"{","1":"\"","2":"v","3":"e","4":"r","5":"s","6":"i","7":"o","8":"n","9":"\"","10":":","11":"3","12":",","13":"\"","14":"s","15":"o","16":"u","17":"r","18":"c","19":"e","20":"s","21":"\"","22":":","23":"[","24":"\"","25":"/","26":"U","27":"s","28":"e","29":"r","30":"s","31":"/","32":"o","33":"s","34":"a","35":"m","36":"a","37":"/","38":"D","39":"e","40":"v","41":"e","42":"l","43":"o","44":"p","45":"e","46":"r","47":"/","48":"S","49":"W","50":"E","51":"/","52":"C","53":"h","54":"a","55":"t","56":"S","57":"Q","58":"L","59":"/","60":"f","61":"r","62":"o","63":"n","64":"t","65":"e","66":"n","67":"d","68":"/","69":"s","70":"r","71":"c","72":"/","73":"c","74":"o","75":"m","76":"p","77":"o","78":"n","79":"e","80":"n","81":"t","82":"s","83":"/","84":"S","85":"e","86":"n","87":"d","88":"R","89":"e","90":"q","91":"u","92":"e","93":"s","94":"t","95":"B","96":"u","97":"t","98":"t","99":"o","100":"n","101":".","102":"v","103":"u","104":"e","105":"\"","106":"]","107":",","108":"\"","109":"n","110":"a","111":"m","112":"e","113":"s","114":"\"","115":":","116":"[","117":"]","118":",","119":"\"","120":"m","121":"a","122":"p","123":"p","124":"i","125":"n","126":"g","127":"s","128":"\"","129":":","130":"\"","131":";","132":";","133":";","134":";","135":";","136":";","137":";","138":";","139":"A","140":"A","141":"M","142":"A","143":";","144":"A","145":"A","146":"A","147":"A","148":";","149":"A","150":"A","151":"A","152":"A","153":";","154":"A","155":"A","156":"C","157":"A","158":";","159":"A","160":"A","161":"A","162":"A","163":";","164":"A","165":"A","166":"A","167":"A","168":";","169":"A","170":"A","171":"A","172":"y","173":"B","174":";","175":"A","176":"A","177":"A","178":"A","179":",","180":"i","181":"C","182":"A","183":"C","184":"V","185":";","186":"E","187":"A","188":"C","189":"b","190":",","191":"I","192":"A","193":"A","194":"I","195":",","196":"E","197":"A","198":"A","199":"E","200":",","201":"m","202":"B","203":"A","204":"A","205":"m","206":"B","207":";","208":"E","209":"A","210":"C","211":"z","212":"B","213":",","214":"K","215":"A","216":"A","217":"K","218":",","219":"E","220":"A","221":"A","222":"E","223":",","224":"C","225":"A","226":"A","227":"C","228":",","229":"g","230":"B","231":"A","232":"A","233":"g","234":"B","235":",","236":"C","237":"A","238":"A","239":"C","240":";","241":"E","242":"A","243":"C","244":"z","245":"B","246":",","247":"K","248":"A","249":"A","250":"K","251":",","252":"C","253":"A","254":"A","255":"C","256":",","257":"K","258":"A","259":"A","260":"K","261":",","262":"E","263":"A","264":"A","265":"E","266":";","267":"I","268":"A","269":"A","270":"E","271":";","272":"E","273":"A","274":"A","275":"K","276":",","277":"C","278":"A","279":"A","280":"C","281":",","282":"E","283":"A","284":"A","285":"E","286":";","287":"I","288":"A","289":"C","290":"r","291":"B","292":",","293":"M","294":"A","295":"A","296":"M","297":",","298":"S","299":"A","300":"A","301":"S","302":";","303":"I","304":"A","305":"A","306":"G","307":";","308":"I","309":"A","310":"A","311":"A","312":";","313":"I","314":"A","315":"A","316":"A","317":";","318":"I","319":"A","320":"A","321":"A","322":";","323":"I","324":"A","325":"A","326":"A","327":";","328":"I","329":"A","330":"A","331":"A","332":",","333":"G","334":"A","335":"A","336":"G","337":",","338":"E","339":"A","340":"A","341":"C","342":",","343":"K","344":"A","345":"A","346":"K","347":",","348":"C","349":"A","350":"A","351":"C","352":";","353":"I","354":"A","355":"C","356":"5","357":"B","358":",","359":"M","360":"A","361":"A","362":"M","363":",","364":"W","365":"A","366":"A","367":"W","368":";","369":"I","370":"A","371":"A","372":"G","373":";","374":"I","375":"A","376":"A","377":"A","378":";","379":"I","380":"A","381":"A","382":"A","383":";","384":"I","385":"A","386":"A","387":"A","388":",","389":"O","390":"A","391":"A","392":"K","393":",","394":"C","395":"A","396":"A","397":"C","398":",","399":"W","400":"A","401":"A","402":"W","403":";","404":"I","405":"A","406":"C","407":"r","408":"C","409":",","410":"I","411":"A","412":"A","413":"I","414":",","415":"M","416":"A","417":"A","418":"M","419":";","420":"I","421":"A","422":"E","423":"V","424":",","425":"e","426":"A","427":"A","428":"e","429":",","430":"c","431":"A","432":"A","433":"c","434":",","435":"G","436":"A","437":"A","438":"G","439":";","440":"M","441":"A","442":"C","443":"9","444":"B","445":",","446":"O","447":"A","448":"A","449":"O","450":",","451":"I","452":"A","453":"A","454":"I","455":",","456":"O","457":"A","458":"A","459":"O","460":",","461":"C","462":"A","463":"A","464":"C","465":",","466":"C","467":"A","468":"A","469":"C","470":",","471":"O","472":"A","473":"A","474":"O","475":",","476":"E","477":"A","478":"A","479":"E","480":",","481":"M","482":"A","483":"A","484":"M","485":",","486":"K","487":"A","488":"A","489":"K","490":";","491":"Q","492":"A","493":"C","494":"t","495":"C","496":";","497":"Q","498":"A","499":"A","500":"A","501":";","502":"Q","503":"A","504":"A","505":"A","506":";","507":"Q","508":"A","509":"A","510":"A","511":",","512":"O","513":"A","514":"A","515":"K","516":",","517":"C","518":"A","519":"A","520":"C","521":",","522":"I","523":"A","524":"A","525":"I","526":",","527":"C","528":"A","529":"A","530":"C","531":",","532":"i","533":"B","534":"A","535":"A","536":"i","537":"B","538":",","539":"E","540":"A","541":"A","542":"E","543":";","544":"U","545":"A","546":"A","547":"E","548":",","549":"W","550":"A","551":"A","552":"W","553":",","554":"E","555":"A","556":"A","557":"E","558":",","559":"K","560":"A","561":"A","562":"K","563":",","564":"C","565":"A","566":"A","567":"C","568":";","569":"Q","570":"A","571":"A","572":"e","573":",","574":"C","575":"A","576":"A","577":"C","578":",","579":"E","580":"A","581":"A","582":"E","583":";","584":"U","585":"A","586":"C","587":"n","588":"E","589":",","590":"W","591":"A","592":"A","593":"W","594":",","595":"E","596":"A","597":"A","598":"E","599":",","600":"I","601":"A","602":"A","603":"I","604":",","605":"W","606":"A","607":"A","608":"W","609":",","610":"C","611":"A","612":"A","613":"C","614":",","615":"S","616":"A","617":"A","618":"S","619":",","620":"Q","621":"A","622":"A","623":"Q","624":",","625":"C","626":"A","627":"A","628":"C","629":",","630":"C","631":"A","632":"A","633":"C","634":",","635":"E","636":"A","637":"A","638":"E","639":";","640":"Y","641":"A","642":"C","643":"h","644":"D","645":",","646":"M","647":"A","648":"A","649":"M","650":",","651":"G","652":"A","653":"A","654":"G","655":",","656":"C","657":"A","658":"A","659":"C","660":";","661":"U","662":"A","663":"C","664":"Z","665":",","666":"C","667":"A","668":"A","669":"C","670":";","671":"Q","672":"A","673":"C","674":"H","675":",","676":"C","677":"A","678":"A","679":"C","680":",","681":"C","682":"A","683":"A","684":"C","685":",","686":"C","687":"A","688":"C","689":"C","690":",","691":"I","692":"A","693":"A","694":"I","695":",","696":"C","697":"A","698":"A","699":"C","700":",","701":"Q","702":"A","703":"A","704":"Q","705":",","706":"I","707":"A","708":"A","709":"I","710":";","711":"U","712":"A","713":"C","714":"h","715":"B","716":",","717":"O","718":"A","719":"A","720":"O","721":",","722":"C","723":"A","724":"A","725":"C","726":",","727":"Q","728":"A","729":"A","730":"Q","731":",","732":"C","733":"A","734":"A","735":"C","736":",","737":"I","738":"A","739":"A","740":"I","741":",","742":"C","743":"A","744":"A","745":"C","746":",","747":"M","748":"A","749":"A","750":"M","751":",","752":"C","753":"A","754":"A","755":"C","756":";","757":"Q","758":"A","759":"C","760":"/","761":"B","762":",","763":"C","764":"A","765":"A","766":"C","767":",","768":"C","769":"A","770":"A","771":"C","772":",","773":"C","774":"A","775":"C","776":"D","777":",","778":"K","779":"A","780":"A","781":"K","782":",","783":"C","784":"A","785":"A","786":"C","787":",","788":"K","789":"A","790":"A","791":"K","792":",","793":"I","794":"A","795":"A","796":"I","797":";","798":"U","799":"A","800":"C","801":"d","802":";","803":"U","804":"A","805":"A","806":"I","807":";","808":"U","809":"A","810":"A","811":"A","812":";","813":"U","814":"A","815":"A","816":"A","817":";","818":"U","819":"A","820":"A","821":"A","822":",","823":"O","824":"A","825":"A","826":"K","827":",","828":"C","829":"A","830":"A","831":"C","832":",","833":"Q","834":"A","835":"A","836":"Q","837":",","838":"C","839":"A","840":"A","841":"C","842":",","843":"K","844":"A","845":"A","846":"K","847":",","848":"C","849":"A","850":"A","851":"C","852":",","853":"E","854":"A","855":"A","856":"E","857":";","858":"Y","859":"A","860":"C","861":"z","862":"B","863":",","864":"M","865":"A","866":"A","867":"M","868":",","869":"C","870":"A","871":"A","872":"C","873":",","874":"k","875":"B","876":"A","877":"A","878":"k","879":"B","880":",","881":"C","882":"A","883":"A","884":"C","885":";","886":"U","887":"A","888":"C","889":"5","890":"B","891":",","892":"C","893":"A","894":"A","895":"C","896":",","897":"M","898":"A","899":"A","900":"M","901":";","902":"Y","903":"A","904":"C","905":"L","906":",","907":"M","908":"A","909":"A","910":"M","911":",","912":"C","913":"A","914":"A","915":"C","916":",","917":"K","918":"A","919":"A","920":"K","921":",","922":"C","923":"A","924":"A","925":"C","926":";","927":"U","928":"A","929":"C","930":"f","931":";","932":"Q","933":"A","934":"C","935":"F","936":",","937":"C","938":"A","939":"A","940":"C","941":",","942":"C","943":"A","944":"A","945":"C","946":";","947":"M","948":"A","949":"C","950":"N","951":",","952":"C","953":"A","954":"A","955":"C","956":",","957":"C","958":"A","959":"A","960":"C","961":";","962":"I","963":"A","964":"C","965":"J","966":";","967":"I","968":"A","969":"E","970":"A","971":",","972":"e","973":"A","974":"A","975":"e","976":",","977":"U","978":"A","979":"A","980":"U","981":",","982":"G","983":"A","984":"A","985":"G","986":";","987":"M","988":"A","989":"C","990":"1","991":"B","992":",","993":"S","994":"A","995":"A","996":"S","997":",","998":"C","999":"A","1000":"A","1001":"C","1002":",","1003":"K","1004":"A","1005":"A","1006":"K","1007":",","1008":"G","1009":"A","1010":"A","1011":"G","1012":",","1013":"I","1014":"A","1015":"A","1016":"I","1017":";","1018":"M","1019":"A","1020":"C","1021":"t","1022":"B","1023":",","1024":"I","1025":"A","1026":"A","1027":"I","1028":";","1029":"Q","1030":"A","1031":"C","1032":"F","1033":",","1034":"M","1035":"A","1036":"A","1037":"M","1038":",","1039":"e","1040":"A","1041":"A","1042":"e","1043":",","1044":"G","1045":"A","1046":"A","1047":"G","1048":",","1049":"M","1050":"A","1051":"A","1052":"M","1053":",","1054":"c","1055":"A","1056":"A","1057":"c","1058":",","1059":"C","1060":"A","1061":"A","1062":"C","1063":",","1064":"C","1065":"A","1066":"A","1067":"C","1068":";","1069":"Q","1070":"A","1071":"C","1072":"9","1073":"C","1074":",","1075":"I","1076":"A","1077":"A","1078":"I","1079":",","1080":"C","1081":"A","1082":"A","1083":"C","1084":",","1085":"Q","1086":"A","1087":"A","1088":"Q","1089":",","1090":"E","1091":"A","1092":"A","1093":"E","1094":",","1095":"e","1096":"A","1097":"A","1098":"e","1099":",","1100":"C","1101":"A","1102":"A","1103":"C","1104":";","1105":"M","1106":"A","1107":"C","1108":"j","1109":"C","1110":",","1111":"C","1112":"A","1113":"A","1114":"C","1115":",","1116":"C","1117":"A","1118":"A","1119":"C","1120":",","1121":"O","1122":"A","1123":"A","1124":"O","1125":",","1126":"K","1127":"A","1128":"A","1129":"K","1130":",","1131":"E","1132":"A","1133":"A","1134":"E","1135":";","1136":"Q","1137":"A","1138":"C","1139":"d","1140":",","1141":"I","1142":"A","1143":"A","1144":"I","1145":",","1146":"C","1147":"A","1148":"A","1149":"C","1150":",","1151":"Q","1152":"A","1153":"A","1154":"Q","1155":",","1156":"E","1157":"A","1158":"A","1159":"E","1160":",","1161":"S","1162":"A","1163":"A","1164":"S","1165":",","1166":"C","1167":"A","1168":"A","1169":"C","1170":";","1171":"Q","1172":"A","1173":"C","1174":"z","1175":"B","1176":",","1177":"O","1178":"A","1179":"A","1180":"O","1181":",","1182":"C","1183":"A","1184":"A","1185":"C","1186":",","1187":"K","1188":"A","1189":"A","1190":"K","1191":",","1192":"C","1193":"A","1194":"A","1195":"C","1196":",","1197":"K","1198":"A","1199":"A","1200":"K","1201":",","1202":"C","1203":"A","1204":"A","1205":"C","1206":";","1207":"M","1208":"A","1209":"C","1210":"t","1211":"B","1212":",","1213":"C","1214":"A","1215":"A","1216":"C","1217":",","1218":"S","1219":"A","1220":"A","1221":"S","1222":";","1223":"Q","1224":"A","1225":"C","1226":"R","1227":",","1228":"S","1229":"A","1230":"A","1231":"S","1232":",","1233":"C","1234":"A","1235":"A","1236":"C","1237":",","1238":"K","1239":"A","1240":"A","1241":"K","1242":",","1243":"G","1244":"A","1245":"A","1246":"G","1247":",","1248":"K","1249":"A","1250":"A","1251":"K","1252":";","1253":"M","1254":"A","1255":"C","1256":"z","1257":"B","1258":";","1259":"I","1260":"A","1261":"C","1262":"F","1263":";","1264":"I","1265":"A","1266":"E","1267":"A","1268":",","1269":"M","1270":"A","1271":"A","1272":"M","1273":",","1274":"W","1275":"A","1276":"A","1277":"W","1278":",","1279":"G","1280":"A","1281":"A","1282":"G","1283":",","1284":"M","1285":"A","1286":"A","1287":"M","1288":";","1289":"M","1290":"A","1291":"C","1292":"x","1293":"B","1294":",","1295":"I","1296":"A","1297":"A","1298":"I","1299":",","1300":"M","1301":"A","1302":"A","1303":"M","1304":",","1305":"E","1306":"A","1307":"A","1308":"E","1309":";","1310":"Q","1311":"A","1312":"C","1313":"V","1314":",","1315":"M","1316":"A","1317":"A","1318":"M","1319":",","1320":"C","1321":"A","1322":"A","1323":"C","1324":",","1325":"C","1326":"A","1327":"A","1328":"C","1329":";","1330":"M","1331":"A","1332":"C","1333":"V","1334":";","1335":"I","1336":"A","1337":"C","1338":"F","1339":",","1340":"C","1341":"A","1342":"A","1343":"C","1344":";","1345":"I","1346":"A","1347":"E","1348":"D","1349":",","1350":"O","1351":"A","1352":"A","1353":"O","1354":";","1355":"M","1356":"A","1357":"C","1358":"L","1359":",","1360":"U","1361":"A","1362":"A","1363":"U","1364":";","1365":"M","1366":"A","1367":"C","1368":"V","1369":",","1370":"W","1371":"A","1372":"A","1373":"W","1374":";","1375":"M","1376":"A","1377":"C","1378":"X","1379":";","1380":"I","1381":"A","1382":"C","1383":"F","1384":",","1385":"C","1386":"A","1387":"A","1388":"C","1389":";","1390":"E","1391":"A","1392":"C","1393":"H","1394":";","1395":"A","1396":"A","1397":"C","1398":"F","1399":",","1400":"C","1401":"A","1402":"A","1403":"C","1404":"\"","1405":",","1406":"\"","1407":"f","1408":"i","1409":"l","1410":"e","1411":"\"","1412":":","1413":"\"","1414":"/","1415":"U","1416":"s","1417":"e","1418":"r","1419":"s","1420":"/","1421":"o","1422":"s","1423":"a","1424":"m","1425":"a","1426":"/","1427":"D","1428":"e","1429":"v","1430":"e","1431":"l","1432":"o","1433":"p","1434":"e","1435":"r","1436":"/","1437":"S","1438":"W","1439":"E","1440":"/","1441":"C","1442":"h","1443":"a","1444":"t","1445":"S","1446":"Q","1447":"L","1448":"/","1449":"f","1450":"r","1451":"o","1452":"n","1453":"t","1454":"e","1455":"n","1456":"d","1457":"/","1458":"s","1459":"r","1460":"c","1461":"/","1462":"c","1463":"o","1464":"m","1465":"p","1466":"o","1467":"n","1468":"e","1469":"n","1470":"t","1471":"s","1472":"/","1473":"S","1474":"e","1475":"n","1476":"d","1477":"R","1478":"e","1479":"q","1480":"u","1481":"e","1482":"s","1483":"t","1484":"B","1485":"u","1486":"t","1487":"t","1488":"o","1489":"n","1490":".","1491":"v","1492":"u","1493":"e","1494":"\"","1495":",","1496":"\"","1497":"s","1498":"o","1499":"u","1500":"r","1501":"c","1502":"e","1503":"s","1504":"C","1505":"o","1506":"n","1507":"t","1508":"e","1509":"n","1510":"t","1511":"\"","1512":":","1513":"[","1514":"\"","1515":"<","1516":"t","1517":"e","1518":"m","1519":"p","1520":"l","1521":"a","1522":"t","1523":"e","1524":">","1525":"\\","1526":"n","1527":" ","1528":" ","1529":"<","1530":"b","1531":"u","1532":"t","1533":"t","1534":"o","1535":"n","1536":" ","1537":"t","1538":"y","1539":"p","1540":"e","1541":"=","1542":"\\","1543":"\"","1544":"b","1545":"u","1546":"t","1547":"t","1548":"o","1549":"n","1550":"\\","1551":"\"","1552":" ","1553":"@","1554":"c","1555":"l","1556":"i","1557":"c","1558":"k","1559":"=","1560":"\\","1561":"\"","1562":"s","1563":"u","1564":"b","1565":"m","1566":"i","1567":"t","1568":"F","1569":"o","1570":"r","1571":"m","1572":"\\","1573":"\"","1574":" ","1575":"v","1576":"-","1577":"i","1578":"f","1579":"=","1580":"\\","1581":"\"","1582":"!","1583":"i","1584":"s","1585":"S","1586":"e","1587":"n","1588":"d","1589":"i","1590":"n","1591":"g","1592":"\\","1593":"\"","1594":">","1595":"I","1596":"n","1597":"v","1598":"i","1599":"a","1600":"<","1601":"/","1602":"b","1603":"u","1604":"t","1605":"t","1606":"o","1607":"n","1608":">","1609":"\\","1610":"n","1611":" ","1612":" ","1613":"<","1614":"b","1615":"u","1616":"t","1617":"t","1618":"o","1619":"n","1620":" ","1621":"t","1622":"y","1623":"p","1624":"e","1625":"=","1626":"\\","1627":"\"","1628":"b","1629":"u","1630":"t","1631":"t","1632":"o","1633":"n","1634":"\\","1635":"\"","1636":" ","1637":"t","1638":"i","1639":"t","1640":"l","1641":"e","1642":"=","1643":"\\","1644":"\"","1645":"I","1646":"n","1647":"t","1648":"e","1649":"r","1650":"r","1651":"o","1652":"m","1653":"p","1654":"i","1655":"\\","1656":"\"","1657":" ","1658":"@","1659":"c","1660":"l","1661":"i","1662":"c","1663":"k","1664":"=","1665":"\\","1666":"\"","1667":"s","1668":"t","1669":"o","1670":"p","1671":"S","1672":"e","1673":"n","1674":"d","1675":"i","1676":"n","1677":"g","1678":"\\","1679":"\"","1680":" ","1681":"v","1682":"-","1683":"e","1684":"l","1685":"s","1686":"e","1687":">","1688":"I","1689":"n","1690":"t","1691":"e","1692":"r","1693":"r","1694":"o","1695":"m","1696":"p","1697":"i","1698":"<","1699":"/","1700":"b","1701":"u","1702":"t","1703":"t","1704":"o","1705":"n","1706":">","1707":"\\","1708":"n","1709":"<","1710":"/","1711":"t","1712":"e","1713":"m","1714":"p","1715":"l","1716":"a","1717":"t","1718":"e","1719":">","1720":"\\","1721":"n","1722":"\\","1723":"n","1724":"<","1725":"s","1726":"c","1727":"r","1728":"i","1729":"p","1730":"t","1731":">","1732":"\\","1733":"n","1734":"i","1735":"m","1736":"p","1737":"o","1738":"r","1739":"t","1740":" ","1741":"{","1742":" ","1743":"r","1744":"e","1745":"f","1746":" ","1747":"}","1748":" ","1749":"f","1750":"r","1751":"o","1752":"m","1753":" ","1754":"'","1755":"v","1756":"u","1757":"e","1758":"'","1759":"\\","1760":"n","1761":"i","1762":"m","1763":"p","1764":"o","1765":"r","1766":"t","1767":" ","1768":"a","1769":"x","1770":"i","1771":"o","1772":"s","1773":" ","1774":"f","1775":"r","1776":"o","1777":"m","1778":" ","1779":"'","1780":"a","1781":"x","1782":"i","1783":"o","1784":"s","1785":"'","1786":"\\","1787":"n","1788":"e","1789":"x","1790":"p","1791":"o","1792":"r","1793":"t","1794":" ","1795":"d","1796":"e","1797":"f","1798":"a","1799":"u","1800":"l","1801":"t","1802":" ","1803":"{","1804":"\\","1805":"n","1806":" ","1807":" ","1808":"n","1809":"a","1810":"m","1811":"e","1812":":","1813":" ","1814":"'","1815":"S","1816":"e","1817":"n","1818":"d","1819":"R","1820":"e","1821":"q","1822":"u","1823":"e","1824":"s","1825":"t","1826":"B","1827":"u","1828":"t","1829":"t","1830":"o","1831":"n","1832":"'","1833":",","1834":"\\","1835":"n","1836":" ","1837":" ","1838":"p","1839":"r","1840":"o","1841":"p","1842":"s","1843":":","1844":" ","1845":"[","1846":"'","1847":"r","1848":"e","1849":"q","1850":"u","1851":"e","1852":"s","1853":"t","1854":"M","1855":"e","1856":"s","1857":"s","1858":"a","1859":"g","1860":"e","1861":"'","1862":"]","1863":",","1864":"\\","1865":"n","1866":" ","1867":" ","1868":"s","1869":"e","1870":"t","1871":"u","1872":"p","1873":"(","1874":"p","1875":"r","1876":"o","1877":"p","1878":"s","1879":",","1880":" ","1881":"{","1882":" ","1883":"e","1884":"m","1885":"i","1886":"t","1887":" ","1888":"}","1889":")","1890":" ","1891":"{","1892":"\\","1893":"n","1894":" ","1895":" ","1896":" ","1897":" ","1898":"c","1899":"o","1900":"n","1901":"s","1902":"t","1903":" ","1904":"i","1905":"s","1906":"S","1907":"e","1908":"n","1909":"d","1910":"i","1911":"n","1912":"g","1913":" ","1914":"=","1915":" ","1916":"r","1917":"e","1918":"f","1919":"(","1920":"f","1921":"a","1922":"l","1923":"s","1924":"e","1925":")","1926":"\\","1927":"n","1928":" ","1929":" ","1930":" ","1931":" ","1932":"c","1933":"o","1934":"n","1935":"s","1936":"t","1937":" ","1938":"C","1939":"a","1940":"n","1941":"c","1942":"e","1943":"l","1944":"T","1945":"o","1946":"k","1947":"e","1948":"n","1949":" ","1950":"=","1951":" ","1952":"a","1953":"x","1954":"i","1955":"o","1956":"s","1957":".","1958":"C","1959":"a","1960":"n","1961":"c","1962":"e","1963":"l","1964":"T","1965":"o","1966":"k","1967":"e","1968":"n","1969":"\\","1970":"n","1971":" ","1972":" ","1973":" ","1974":" ","1975":"l","1976":"e","1977":"t","1978":" ","1979":"c","1980":"a","1981":"n","1982":"c","1983":"e","1984":"l","1985":"\\","1986":"n","1987":"\\","1988":"n","1989":" ","1990":" ","1991":" ","1992":" ","1993":"a","1994":"s","1995":"y","1996":"n","1997":"c","1998":" ","1999":"f","2000":"u","2001":"n","2002":"c","2003":"t","2004":"i","2005":"o","2006":"n","2007":" ","2008":"g","2009":"e","2010":"n","2011":"e","2012":"r","2013":"a","2014":"t","2015":"e","2016":"P","2017":"r","2018":"o","2019":"m","2020":"p","2021":"t","2022":"(","2023":")","2024":" ","2025":"{","2026":"\\","2027":"n","2028":" ","2029":" ","2030":" ","2031":" ","2032":" ","2033":" ","2034":"r","2035":"e","2036":"t","2037":"u","2038":"r","2039":"n","2040":" ","2041":"n","2042":"e","2043":"w","2044":" ","2045":"P","2046":"r","2047":"o","2048":"m","2049":"i","2050":"s","2051":"e","2052":"(","2053":"(","2054":"r","2055":"e","2056":"s","2057":"o","2058":"l","2059":"v","2060":"e","2061":",","2062":" ","2063":"r","2064":"e","2065":"j","2066":"e","2067":"c","2068":"t","2069":")","2070":" ","2071":"=","2072":">","2073":" ","2074":"{","2075":"\\","2076":"n","2077":" ","2078":" ","2079":" ","2080":" ","2081":" ","2082":" ","2083":" ","2084":" ","2085":"a","2086":"x","2087":"i","2088":"o","2089":"s","2090":".","2091":"p","2092":"o","2093":"s","2094":"t","2095":"(","2096":"'","2097":"/","2098":"g","2099":"e","2100":"n","2101":"e","2102":"r","2103":"a","2104":"t","2105":"e","2106":"p","2107":"r","2108":"o","2109":"m","2110":"p","2111":"t","2112":"'","2113":",","2114":" ","2115":"{","2116":" ","2117":"u","2118":"s","2119":"e","2120":"r","2121":"R","2122":"e","2123":"q","2124":"u","2125":"e","2126":"s","2127":"t","2128":":","2129":" ","2130":"p","2131":"r","2132":"o","2133":"p","2134":"s","2135":".","2136":"r","2137":"e","2138":"q","2139":"u","2140":"e","2141":"s","2142":"t","2143":"M","2144":"e","2145":"s","2146":"s","2147":"a","2148":"g","2149":"e","2150":" ","2151":"}","2152":",","2153":" ","2154":"{","2155":"\\","2156":"n","2157":" ","2158":" ","2159":" ","2160":" ","2161":" ","2162":" ","2163":" ","2164":" ","2165":" ","2166":" ","2167":"c","2168":"a","2169":"n","2170":"c","2171":"e","2172":"l","2173":"T","2174":"o","2175":"k","2176":"e","2177":"n","2178":":","2179":" ","2180":"n","2181":"e","2182":"w","2183":" ","2184":"C","2185":"a","2186":"n","2187":"c","2188":"e","2189":"l","2190":"T","2191":"o","2192":"k","2193":"e","2194":"n","2195":"(","2196":"f","2197":"u","2198":"n","2199":"c","2200":"t","2201":"i","2202":"o","2203":"n","2204":" ","2205":"e","2206":"x","2207":"e","2208":"c","2209":"u","2210":"t","2211":"o","2212":"r","2213":"(","2214":"c","2215":")","2216":" ","2217":"{","2218":"\\","2219":"n","2220":" ","2221":" ","2222":" ","2223":" ","2224":" ","2225":" ","2226":" ","2227":" ","2228":" ","2229":" ","2230":" ","2231":" ","2232":"c","2233":"a","2234":"n","2235":"c","2236":"e","2237":"l","2238":" ","2239":"=","2240":" ","2241":"c","2242":"\\","2243":"n","2244":" ","2245":" ","2246":" ","2247":" ","2248":" ","2249":" ","2250":" ","2251":" ","2252":" ","2253":" ","2254":"}","2255":")","2256":"\\","2257":"n","2258":" ","2259":" ","2260":" ","2261":" ","2262":" ","2263":" ","2264":" ","2265":" ","2266":"}","2267":")","2268":"\\","2269":"n","2270":" ","2271":" ","2272":" ","2273":" ","2274":" ","2275":" ","2276":" ","2277":" ","2278":" ","2279":" ","2280":".","2281":"t","2282":"h","2283":"e","2284":"n","2285":"(","2286":"r","2287":"e","2288":"s","2289":"p","2290":"o","2291":"n","2292":"s","2293":"e","2294":" ","2295":"=","2296":">","2297":" ","2298":"{","2299":"\\","2300":"n","2301":" ","2302":" ","2303":" ","2304":" ","2305":" ","2306":" ","2307":" ","2308":" ","2309":" ","2310":" ","2311":" ","2312":" ","2313":"r","2314":"e","2315":"s","2316":"o","2317":"l","2318":"v","2319":"e","2320":"(","2321":"r","2322":"e","2323":"s","2324":"p","2325":"o","2326":"n","2327":"s","2328":"e","2329":".","2330":"d","2331":"a","2332":"t","2333":"a","2334":".","2335":"r","2336":"e","2337":"s","2338":"u","2339":"l","2340":"t","2341":")","2342":";","2343":"\\","2344":"n","2345":" ","2346":" ","2347":" ","2348":" ","2349":" ","2350":" ","2351":" ","2352":" ","2353":" ","2354":" ","2355":"}","2356":")","2357":"\\","2358":"n","2359":" ","2360":" ","2361":" ","2362":" ","2363":" ","2364":" ","2365":" ","2366":" ","2367":" ","2368":" ","2369":".","2370":"c","2371":"a","2372":"t","2373":"c","2374":"h","2375":"(","2376":"e","2377":"r","2378":"r","2379":"o","2380":"r","2381":" ","2382":"=","2383":">","2384":" ","2385":"{","2386":"\\","2387":"n","2388":" ","2389":" ","2390":" ","2391":" ","2392":" ","2393":" ","2394":" ","2395":" ","2396":" ","2397":" ","2398":" ","2399":" ","2400":"i","2401":"f","2402":" ","2403":"(","2404":"a","2405":"x","2406":"i","2407":"o","2408":"s","2409":".","2410":"i","2411":"s","2412":"C","2413":"a","2414":"n","2415":"c","2416":"e","2417":"l","2418":"(","2419":"e","2420":"r","2421":"r","2422":"o","2423":"r","2424":")","2425":")","2426":" ","2427":"{","2428":"\\","2429":"n","2430":" ","2431":" ","2432":" ","2433":" ","2434":" ","2435":" ","2436":" ","2437":" ","2438":" ","2439":" ","2440":" ","2441":" ","2442":" ","2443":" ","2444":"r","2445":"e","2446":"j","2447":"e","2448":"c","2449":"t","2450":"(","2451":"'","2452":"R","2453":"e","2454":"q","2455":"u","2456":"e","2457":"s","2458":"t","2459":" ","2460":"c","2461":"a","2462":"n","2463":"c","2464":"e","2465":"l","2466":"e","2467":"d","2468":"'","2469":")","2470":"\\","2471":"n","2472":" ","2473":" ","2474":" ","2475":" ","2476":" ","2477":" ","2478":" ","2479":" ","2480":" ","2481":" ","2482":" ","2483":" ","2484":"}","2485":" ","2486":"e","2487":"l","2488":"s","2489":"e","2490":" ","2491":"{","2492":"\\","2493":"n","2494":" ","2495":" ","2496":" ","2497":" ","2498":" ","2499":" ","2500":" ","2501":" ","2502":" ","2503":" ","2504":" ","2505":" ","2506":" ","2507":" ","2508":"r","2509":"e","2510":"j","2511":"e","2512":"c","2513":"t","2514":"(","2515":"e","2516":"r","2517":"r","2518":"o","2519":"r","2520":")","2521":"\\","2522":"n","2523":" ","2524":" ","2525":" ","2526":" ","2527":" ","2528":" ","2529":" ","2530":" ","2531":" ","2532":" ","2533":" ","2534":" ","2535":"}","2536":"\\","2537":"n","2538":" ","2539":" ","2540":" ","2541":" ","2542":" ","2543":" ","2544":" ","2545":" ","2546":" ","2547":" ","2548":"}","2549":")","2550":"\\","2551":"n","2552":" ","2553":" ","2554":" ","2555":" ","2556":" ","2557":" ","2558":"}","2559":")","2560":"\\","2561":"n","2562":" ","2563":" ","2564":" ","2565":" ","2566":"}","2567":"\\","2568":"n","2569":"\\","2570":"n","2571":" ","2572":" ","2573":" ","2574":" ","2575":"a","2576":"s","2577":"y","2578":"n","2579":"c","2580":" ","2581":"f","2582":"u","2583":"n","2584":"c","2585":"t","2586":"i","2587":"o","2588":"n","2589":" ","2590":"s","2591":"u","2592":"b","2593":"m","2594":"i","2595":"t","2596":"F","2597":"o","2598":"r","2599":"m","2600":"(","2601":")","2602":" ","2603":"{","2604":"\\","2605":"n","2606":" ","2607":" ","2608":" ","2609":" ","2610":" ","2611":" ","2612":"i","2613":"s","2614":"S","2615":"e","2616":"n","2617":"d","2618":"i","2619":"n","2620":"g","2621":".","2622":"v","2623":"a","2624":"l","2625":"u","2626":"e","2627":" ","2628":"=","2629":" ","2630":"t","2631":"r","2632":"u","2633":"e","2634":"\\","2635":"n","2636":" ","2637":" ","2638":" ","2639":" ","2640":" ","2641":" ","2642":"t","2643":"r","2644":"y","2645":" ","2646":"{","2647":"\\","2648":"n","2649":" ","2650":" ","2651":" ","2652":" ","2653":" ","2654":" ","2655":" ","2656":" ","2657":"c","2658":"o","2659":"n","2660":"s","2661":"t","2662":" ","2663":"r","2664":"e","2665":"s","2666":"p","2667":"o","2668":"n","2669":"s","2670":"e","2671":"M","2672":"e","2673":"s","2674":"s","2675":"a","2676":"g","2677":"e","2678":" ","2679":"=","2680":" ","2681":"a","2682":"w","2683":"a","2684":"i","2685":"t","2686":" ","2687":"g","2688":"e","2689":"n","2690":"e","2691":"r","2692":"a","2693":"t","2694":"e","2695":"P","2696":"r","2697":"o","2698":"m","2699":"p","2700":"t","2701":"(","2702":")","2703":"\\","2704":"n","2705":" ","2706":" ","2707":" ","2708":" ","2709":" ","2710":" ","2711":" ","2712":" ","2713":"e","2714":"m","2715":"i","2716":"t","2717":"(","2718":"'","2719":"s","2720":"u","2721":"b","2722":"m","2723":"i","2724":"t","2725":"'","2726":",","2727":" ","2728":"r","2729":"e","2730":"s","2731":"p","2732":"o","2733":"n","2734":"s","2735":"e","2736":"M","2737":"e","2738":"s","2739":"s","2740":"a","2741":"g","2742":"e","2743":")","2744":"\\","2745":"n","2746":" ","2747":" ","2748":" ","2749":" ","2750":" ","2751":" ","2752":"}","2753":" ","2754":"c","2755":"a","2756":"t","2757":"c","2758":"h","2759":" ","2760":"(","2761":"e","2762":"r","2763":"r","2764":"o","2765":"r","2766":")","2767":" ","2768":"{","2769":"\\","2770":"n","2771":" ","2772":" ","2773":" ","2774":" ","2775":" ","2776":" ","2777":" ","2778":" ","2779":"e","2780":"m","2781":"i","2782":"t","2783":"(","2784":"'","2785":"s","2786":"u","2787":"b","2788":"m","2789":"i","2790":"t","2791":"'","2792":",","2793":" ","2794":"'","2795":"S","2796":"t","2797":"o","2798":"p","2799":"p","2800":"e","2801":"d","2802":"'","2803":")","2804":"\\","2805":"n","2806":" ","2807":" ","2808":" ","2809":" ","2810":" ","2811":" ","2812":" ","2813":" ","2814":"c","2815":"o","2816":"n","2817":"s","2818":"o","2819":"l","2820":"e","2821":".","2822":"e","2823":"r","2824":"r","2825":"o","2826":"r","2827":"(","2828":"e","2829":"
[...]
"","230":"s","231":"o","232":"u","233":"r","234":"c","235":"e","236":"s","237":"C","238":"o","239":"n","240":"t","241":"e","242":"n","243":"t","244":"\"","245":":","246":"[","247":"\"","248":"<","249":"t","250":"e","251":"m","252":"p","253":"l","254":"a","255":"t","256":"e","257":">","258":"\\","259":"n","260":" ","261":" ","262":" ","263":" ","264":"<","265":"d","266":"i","267":"v","268":">","269":"\\","270":"n","271":" ","272":" ","273":" ","274":" ","275":" ","276":" ","277":"<","278":"h","279":"1","280":">","281":"M","282":"a","283":"n","284":"a","285":"g","286":"e","287":"r","288":" ","289":"P","290":"a","291":"g","292":"e","293":"<","294":"/","295":"h","296":"1","297":">","298":"\\","299":"n","300":" ","301":" ","302":" ","303":" ","304":" ","305":" ","306":"<","307":"p","308":">","309":"C","310":"o","311":"n","312":"t","313":"e","314":"n","315":"u","316":"t","317":"o","318":" ","319":"d","320":"e","321":"l","322":"l","323":"a","324":" ","325":"p","326":"a","327":"g","328":"i","329":"n","330":"a","331":" ","332":"d","333":"i","334":" ","335":"r","336":"i","337":"c","338":"h","339":"i","340":"e","341":"s","342":"t","343":"a","344":".","345":".","346":".","347":"<","348":"/","349":"p","350":">","351":"\\","352":"n","353":" ","354":" ","355":" ","356":" ","357":"<","358":"/","359":"d","360":"i","361":"v","362":">","363":"\\","364":"n","365":" ","366":" ","367":"<","368":"/","369":"t","370":"e","371":"m","372":"p","373":"l","374":"a","375":"t","376":"e","377":">","378":"\\","379":"n","380":" ","381":" ","382":"\\","383":"n","384":" ","385":" ","386":"<","387":"s","388":"c","389":"r","390":"i","391":"p","392":"t","393":">","394":"\\","395":"n","396":" ","397":" ","398":"e","399":"x","400":"p","401":"o","402":"r","403":"t","404":" ","405":"d","406":"e","407":"f","408":"a","409":"u","410":"l","411":"t","412":" ","413":"{","414":"\\","415":"n","416":" ","417":" ","418":" ","419":" ","420":"/","421":"/","422":" ","423":"L","424":"o","425":"g","426":"i","427":"c","428":"a","429":" ","430":"d","431":"e","432":"l","433":" ","434":"c","435":"o","436":"m","437":"p","438":"o","439":"n","440":"e","441":"n","442":"t","443":"e","444":",","445":" ","446":"s","447":"e","448":" ","449":"n","450":"e","451":"c","452":"e","453":"s","454":"s","455":"a","456":"r","457":"i","458":"o","459":"\\","460":"n","461":" ","462":" ","463":"}","464":"\\","465":"n","466":" ","467":" ","468":"<","469":"/","470":"s","471":"c","472":"r","473":"i","474":"p","475":"t","476":">","477":"\"","478":"]","479":"}"},"_coverageSchema":"1a1c01bbd47fc00a2c39e90264f33305004495a9","hash":"13a4855e75d1750aa0999ed7750cf7c2147cb09b"}
,"/Users/osama/Developer/SWE/ChatSQL/frontend/src/views/RequestPage.vue": {"path":"/Users/osama/Developer/SWE/ChatSQL/frontend/src/views/RequestPage.vue","statementMap":{"0":{"start":{"line":4,"column":29},"end":{"line":4,"column":152}},"1":{"start":{"line":5,"column":0},"end":{"line":7,"column":3}},"2":{"start":{"line":8,"column":0},"end":{"line":8,"column":25}},"3":{"start":{"line":60,"column":0},"end":{"line":60,"column":13}},"4":{"start":{"line":62,"column":0},"end":{"line":64,"column":3}},"5":{"start":{"line":65,"column":0},"end":{"line":65,"column":24}},"6":{"start":{"line":66,"column":11},"end":{"line":66,"column":25}},"7":{"start":{"line":67,"column":32},"end":{"line":67,"column":106}},"8":{"start":{"line":69,"column":42},"end":{"line":69,"column":92}},"9":{"start":{"line":70,"column":34},"end":{"line":70,"column":76}},"10":{"start":{"line":71,"column":39},"end":{"line":71,"column":86}},"11":{"start":{"line":72,"column":2},"end":{"line":80,"column":60}},"12":{"start":{"line":76,"column":63},"end":{"line":76,"column":91}},"13":{"start":{"line":81,"column":2},"end":{"line":81,"column":49}}},"fnMap":{"0":{"name":"render","decl":{"start":{"line":68,"column":9},"end":{"line":68,"column":15}},"loc":{"start":{"line":68,"column":30},"end":{"line":81,"column":1}},"line":68},"1":{"name":"(anonymous_1)","decl":{"start":{"line":76,"column":53},"end":{"line":76,"column":54}},"loc":{"start":{"line":76,"column":63},"end":{"line":76,"column":91}},"line":76}},"branchMap":{"0":{"loc":{"start":{"line":76,"column":27},"end":{"line":76,"column":92}},"type":"binary-expr","locations":[{"start":{"line":76,"column":27},"end":{"line":76,"column":36}},{"start":{"line":76,"column":41},"end":{"line":76,"column":91}}],"line":76}},"s":{"0":1,"1":1,"2":1,"3":1,"4":1,"5":1,"6":1,"7":1,"8":0,"9":0,"10":0,"11":0,"12":0,"13":1},"f":{"0":0,"1":0},"b":{"0":[0,0]},"inputSourceMap":{"0":"{","1":"\"","2":"v","3":"e","4":"r","5":"s","6":"i","7":"o","8":"n","9":"\"","10":":","11":"3","12":",","13":"\"","14":"s","15":"o","16":"u","17":"r","18":"c","19":"e","20":"s","21":"\"","22":":","23":"[","24":"\"","25":"/","26":"U","27":"s","28":"e","29":"r","30":"s","31":"/","32":"o","33":"s","34":"a","35":"m","36":"a","37":"/","38":"D","39":"e","40":"v","41":"e","42":"l","43":"o","44":"p","45":"e","46":"r","47":"/","48":"S","49":"W","50":"E","51":"/","52":"C","53":"h","54":"a","55":"t","56":"S","57":"Q","58":"L","59":"/","60":"f","61":"r","62":"o","63":"n","64":"t","65":"e","66":"n","67":"d","68":"/","69":"s","70":"r","71":"c","72":"/","73":"v","74":"i","75":"e","76":"w","77":"s","78":"/","79":"R","80":"e","81":"q","82":"u","83":"e","84":"s","85":"t","86":"P","87":"a","88":"g","89":"e","90":".","91":"v","92":"u","93":"e","94":"\"","95":"]","96":",","97":"\"","98":"n","99":"a","100":"m","101":"e","102":"s","103":"\"","104":":","105":"[","106":"]","107":",","108":"\"","109":"m","110":"a","111":"p","112":"p","113":"i","114":"n","115":"g","116":"s","117":"\"","118":":","119":"\"","120":";","121":";","122":";","123":";","124":";","125":";","126":";","127":";","128":"A","129":"A","130":"W","131":"A","132":";","133":"A","134":"A","135":"A","136":"A","137":";","138":"A","139":"A","140":"A","141":"A","142":";","143":"A","144":"A","145":"C","146":"A","147":";","148":"A","149":"A","150":"A","151":"A","152":";","153":"A","154":"A","155":"A","156":"A","157":";","158":"A","159":"A","160":"C","161":"A","162":";","163":"A","164":"A","165":"A","166":"A","167":";","168":"A","169":"A","170":"A","171":"A","172":";","173":"A","174":"A","175":"C","176":"A","177":";","178":"A","179":"A","180":"A","181":"A","182":";","183":"A","184":"A","185":"A","186":"A","187":";","188":"A","189":"A","190":"A","191":"w","192":"D","193":";","194":"A","195":"A","196":"A","197":"A","198":",","199":"i","200":"C","201":"A","202":"E","203":"z","204":"C","205":";","206":"E","207":"A","208":"C","209":"b","210":",","211":"I","212":"A","213":"A","214":"I","215":",","216":"E","217":"A","218":"A","219":"E","220":",","221":"a","222":"A","223":"A","224":"a","225":";","226":"E","227":"A","228":"C","229":"n","230":"B","231":",","232":"U","233":"A","234":"A","235":"U","236":",","237":"E","238":"A","239":"A","240":"E","241":";","242":"I","243":"A","244":"C","245":"V","246":",","247":"Y","248":"A","249":"A","250":"Y","251":";","252":"I","253":"A","254":"A","255":"Z","256":";","257":"I","258":"A","259":"A","260":"A","261":";","262":"I","263":"A","264":"A","265":"A","266":";","267":"I","268":"A","269":"A","270":"A","271":",","272":"O","273":"A","274":"A","275":"Y","276":";","277":"I","278":"A","279":"C","280":"Z","281":",","282":"i","283":"B","284":"A","285":"A","286":"i","287":"B","288":";","289":"I","290":"A","291":"A","292":"j","293":"B","294":";","295":"I","296":"A","297":"A","298":"A","299":";","300":"I","301":"A","302":"A","303":"A","304":";","305":"I","306":"A","307":"A","308":"A","309":",","310":"O","311":"A","312":"A","313":"i","314":"B","315":";","316":"I","317":"A","318":"C","319":"j","320":"B","321":",","322":"o","323":"B","324":"A","325":"A","326":"o","327":"B","328":";","329":"I","330":"A","331":"A","332":"p","333":"B","334":";","335":"I","336":"A","337":"A","338":"A","339":";","340":"I","341":"A","342":"A","343":"A","344":";","345":"I","346":"A","347":"A","348":"A","349":";","350":"E","351":"A","352":"C","353":"F","354":",","355":"C","356":"A","357":"A","358":"C","359":";","360":"E","361":"A","362":"C","363":"D","364":",","365":"K","366":"A","367":"A","368":"K","369":",","370":"G","371":"A","372":"A","373":"G","374":";","375":"I","376":"A","377":"C","378":"N","379":",","380":"M","381":"A","382":"A","383":"M","384":";","385":"M","386":"A","387":"A","388":"E","389":",","390":"c","391":"A","392":"A","393":"c","394":";","395":"M","396":"A","397":"A","398":"E","399":",","400":"Q","401":"A","402":"A","403":"Q","404":";","405":"M","406":"A","407":"A","408":"E","409":";","410":"I","411":"A","412":"A","413":"c","414":",","415":"C","416":"A","417":"A","418":"C","419":";","420":"I","421":"A","422":"A","423":"G","424":";","425":"I","426":"A","427":"A","428":"A","429":";","430":"I","431":"A","432":"A","433":"A","434":";","435":"I","436":"A","437":"A","438":"A","439":";","440":"I","441":"A","442":"A","443":"A","444":";","445":"I","446":"A","447":"A","448":"A","449":",","450":"O","451":"A","452":"A","453":"o","454":"B","455":",","456":"E","457":"A","458":"A","459":"C","460":",","461":"C","462":"A","463":"A","464":"C","465":";","466":"I","467":"A","468":"E","469":"1","470":"E","471":",","472":"O","473":"A","474":"A","475":"O","476":";","477":"M","478":"A","479":"C","480":"L","481":",","482":"c","483":"A","484":"A","485":"c","486":";","487":"M","488":"A","489":"C","490":"d","491":",","492":"Q","493":"A","494":"A","495":"Q","496":";","497":"M","498":"A","499":"C","500":"R","501":";","502":"I","503":"A","504":"C","505":"F","506":",","507":"C","508":"A","509":"A","510":"C","511":";","512":"E","513":"A","514":"C","515":"H","516":";","517":"A","518":"A","519":"C","520":"F","521":",","522":"C","523":"A","524":"A","525":"C","526":"\"","527":",","528":"\"","529":"f","530":"i","531":"l","532":"e","533":"\"","534":":","535":"\"","536":"/","537":"U","538":"s","539":"e","540":"r","541":"s","542":"/","543":"o","544":"s","545":"a","546":"m","547":"a","548":"/","549":"D","550":"e","551":"v","552":"e","553":"l","554":"o","555":"p","556":"e","557":"r","558":"/","559":"S","560":"W","561":"E","562":"/","563":"C","564":"h","565":"a","566":"t","567":"S","568":"Q","569":"L","570":"/","571":"f","572":"r","573":"o","574":"n","575":"t","576":"e","577":"n","578":"d","579":"/","580":"s","581":"r","582":"c","583":"/","584":"v","585":"i","586":"e","587":"w","588":"s","589":"/","590":"R","591":"e","592":"q","593":"u","594":"e","595":"s","596":"t","597":"P","598":"a","599":"g","600":"e","601":".","602":"v","603":"u","604":"e","605":"\"","606":",","607":"\"","608":"s","609":"o","610":"u","611":"r","612":"c","613":"e","614":"s","615":"C","616":"o","617":"n","618":"t","619":"e","620":"n","621":"t","622":"\"","623":":","624":"[","625":"\"","626":"<","627":"t","628":"e","629":"m","630":"p","631":"l","632":"a","633":"t","634":"e","635":">","636":"\\","637":"n","638":" ","639":" ","640":"<","641":"d","642":"i","643":"v","644":">","645":"\\","646":"n","647":" ","648":" ","649":" ","650":" ","651":"<","652":"h","653":"1","654":">","655":"R","656":"e","657":"q","658":"u","659":"e","660":"s","661":"t","662":" ","663":"P","664":"a","665":"g","666":"e","667":"<","668":"/","669":"h","670":"1","671":">","672":"\\","673":"n","674":"\\","675":"n","676":" ","677":" ","678":" ","679":" ","680":"<","681":"V","682":"i","683":"e","684":"w","685":"G","686":"e","687":"n","688":"e","689":"r","690":"a","691":"t","692":"e","693":"d","694":"P","695":"r","696":"o","697":"m","698":"p","699":"t","700":"s","701":" ","702":":","703":"m","704":"e","705":"s","706":"s","707":"a","708":"g","709":"e","710":"s","711":"=","712":"\\","713":"\"","714":"m","715":"e","716":"s","717":"s","718":"a","719":"g","720":"e","721":"s","722":"\\","723":"\"","724":" ","725":"/","726":">","727":"\\","728":"n","729":" ","730":" ","731":" ","732":" ","733":"<","734":"I","735":"n","736":"p","737":"u","738":"t","739":"R","740":"e","741":"q","742":"u","743":"e","744":"s","745":"t","746":" ","747":"v","748":"-","749":"m","750":"o","751":"d","752":"e","753":"l","754":"=","755":"\\","756":"\"","757":"r","758":"e","759":"q","760":"u","761":"e","762":"s","763":"t","764":"M","765":"e","766":"s","767":"s","768":"a","769":"g","770":"e","771":"\\","772":"\"","773":"/","774":">","775":"\\","776":"n","777":" ","778":" ","779":" ","780":" ","781":"<","782":"S","783":"e","784":"n","785":"d","786":"R","787":"e","788":"q","789":"u","790":"e","791":"s","792":"t","793":"B","794":"u","795":"t","796":"t","797":"o","798":"n","799":" ","800":":","801":"r","802":"e","803":"q","804":"u","805":"e","806":"s","807":"t","808":"M","809":"e","810":"s","811":"s","812":"a","813":"g","814":"e","815":"=","816":"\\","817":"\"","818":"r","819":"e","820":"q","821":"u","822":"e","823":"s","824":"t","825":"M","826":"e","827":"s","828":"s","829":"a","830":"g","831":"e","832":"\\","833":"\"","834":" ","835":"@","836":"s","837":"u","838":"b","839":"m","840":"i","841":"t","842":"=","843":"\\","844":"\"","845":"h","846":"a","847":"n","848":"d","849":"l","850":"e","851":"M","852":"e","853":"s","854":"s","855":"a","856":"g","857":"e","858":"\\","859":"\"","860":" ","861":"/","862":">","863":"\\","864":"n","865":" ","866":" ","867":"<","868":"/","869":"d","870":"i","871":"v","872":">","873":"\\","874":"n","875":"<","876":"/","877":"t","878":"e","879":"m","880":"p","881":"l","882":"a","883":"t","884":"e","885":">","886":"\\","887":"n","888":"\\","889":"n","890":"<","891":"s","892":"c","893":"r","894":"i","895":"p","896":"t","897":">","898":"\\","899":"n","900":"i","901":"m","902":"p","903":"o","904":"r","905":"t","906":" ","907":"I","908":"n","909":"p","910":"u","911":"t","912":"R","913":"e","914":"q","915":"u","916":"e","917":"s","918":"t","919":" ","920":"f","921":"r","922":"o","923":"m","924":" ","925":"'","926":"@","927":"/","928":"c","929":"o","930":"m","931":"p","932":"o","933":"n","934":"e","935":"n","936":"t","937":"s","938":"/","939":"I","940":"n","941":"p","942":"u","943":"t","944":"R","945":"e","946":"q","947":"u","948":"e","949":"s","950":"t","951":".","952":"v","953":"u","954":"e","955":"'","956":"\\","957":"n","958":"i","959":"m","960":"p","961":"o","962":"r","963":"t","964":" ","965":"S","966":"e","967":"n","968":"d","969":"R","970":"e","971":"q","972":"u","973":"e","974":"s","975":"t","976":"B","977":"u","978":"t","979":"t","980":"o","981":"n","982":" ","983":"f","984":"r","985":"o","986":"m","987":" ","988":"'","989":"@","990":"/","991":"c","992":"o","993":"m","994":"p","995":"o","996":"n","997":"e","998":"n","999":"t","1000":"s","1001":"/","1002":"S","1003":"e","1004":"n","1005":"d","1006":"R","1007":"e","1008":"q","1009":"u","1010":"e","1011":"s","1012":"t","1013":"B","1014":"u","1015":"t","1016":"t","1017":"o","1018":"n","1019":".","1020":"v","1021":"u","1022":"e","1023":"'","1024":"\\","1025":"n","1026":"i","1027":"m","1028":"p","1029":"o","1030":"r","1031":"t","1032":" ","1033":"V","1034":"i","1035":"e","1036":"w","1037":"G","1038":"e","1039":"n","1040":"e","1041":"r","1042":"a","1043":"t","1044":"e","1045":"d","1046":"P","1047":"r","1048":"o","1049":"m","1050":"p","1051":"t","1052":"s","1053":" ","1054":"f","1055":"r","1056":"o","1057":"m","1058":" ","1059":"'","1060":"@","1061":"/","1062":"c","1063":"o","1064":"m","1065":"p","1066":"o","1067":"n","1068":"e","1069":"n","1070":"t","1071":"s","1072":"/","1073":"V","1074":"i","1075":"e","1076":"w","1077":"G","1078":"e","1079":"n","1080":"e","1081":"r","1082":"a","1083":"t","1084":"e","1085":"d","1086":"P","1087":"r","1088":"o","1089":"m","1090":"p","1091":"t","1092":"s","1093":".","1094":"v","1095":"u","1096":"e","1097":"'","1098":"\\","1099":"n","1100":"i","1101":"m","1102":"p","1103":"o","1104":"r","1105":"t","1106":" ","1107":"R","1108":"e","1109":"q","1110":"u","1111":"e","1112":"s","1113":"t","1114":"P","1115":"a","1116":"g","1117":"e","1118":"V","1119":"i","1120":"e","1121":"w","1122":"M","1123":"o","1124":"d","1125":"e","1126":"l","1127":" ","1128":"f","1129":"r","1130":"o","1131":"m","1132":" ","1133":"'","1134":"@","1135":"/","1136":"v","1137":"i","1138":"e","1139":"w","1140":"m","1141":"o","1142":"d","1143":"e","1144":"l","1145":"/","1146":"V","1147":"M","1148":"R","1149":"e","1150":"q","1151":"u","1152":"e","1153":"s","1154":"t","1155":"'","1156":"\\","1157":"n","1158":"\\","1159":"n","1160":"e","1161":"x","1162":"p","1163":"o","1164":"r","1165":"t","1166":" ","1167":"d","1168":"e","1169":"f","1170":"a","1171":"u","1172":"l","1173":"t","1174":" ","1175":"{","1176":"\\","1177":"n","1178":" ","1179":" ","1180":"n","1181":"a","1182":"m","1183":"e","1184":":","1185":" ","1186":"'","1187":"R","1188":"e","1189":"q","1190":"u","1191":"e","1192":"s","1193":"t","1194":"P","1195":"a","1196":"g","1197":"e","1198":"'","1199":",","1200":"\\","1201":"n","1202":" ","1203":" ","1204":"c","1205":"o","1206":"m","1207":"p","1208":"o","1209":"n","1210":"e","1211":"n","1212":"t","1213":"s","1214":":","1215":" ","1216":"{","1217":"\\","1218":"n","1219":" ","1220":" ","1221":" ","1222":" ","1223":"I","1224":"n","1225":"p","1226":"u","1227":"t","1228":"R","1229":"e","1230":"q","1231":"u","1232":"e","1233":"s","1234":"t","1235":",","1236":"\\","1237":"n","1238":" ","1239":" ","1240":" ","1241":" ","1242":"S","1243":"e","1244":"n","1245":"d","1246":"R","1247":"e","1248":"q","1249":"u","1250":"e","1251":"s","1252":"t","1253":"B","1254":"u","1255":"t","1256":"t","1257":"o","1258":"n","1259":",","1260":"\\","1261":"n","1262":" ","1263":" ","1264":" ","1265":" ","1266":"V","1267":"i","1268":"e","1269":"w","1270":"G","1271":"e","1272":"n","1273":"e","1274":"r","1275":"a","1276":"t","1277":"e","1278":"d","1279":"P","1280":"r","1281":"o","1282":"m","1283":"p","1284":"t","1285":"s","1286":"\\","1287":"n","1288":" ","1289":" ","1290":"}","1291":",","1292":"\\","1293":"n","1294":" ","1295":" ","1296":"s","1297":"e","1298":"t","1299":"u","1300":"p","1301":"(","1302":")","1303":" ","1304":"{","1305":"\\","1306":"n","1307":" ","1308":" ","1309":" ","1310":" ","1311":"c","1312":"o","1313":"n","1314":"s","1315":"t","1316":" ","1317":"{","1318":" ","1319":"r","1320":"e","1321":"q","1322":"u","1323":"e","1324":"s","1325":"t","1326":"M","1327":"e","1328":"s","1329":"s","1330":"a","1331":"g","1332":"e","1333":",","1334":" ","1335":"m","1336":"e","1337":"s","1338":"s","1339":"a","1340":"g","1341":"e","1342":"s","1343":",","1344":" ","1345":"h","1346":"a","1347":"n","1348":"d","1349":"l","1350":"e","1351":"M","1352":"e","1353":"s","1354":"s","1355":"a","1356":"g","1357":"e","1358":" ","1359":"}","1360":" ","1361":"=","1362":" ","1363":"R","1364":"e","1365":"q","1366":"u","1367":"e","1368":"s","1369":"t","1370":"P","1371":"a","1372":"g","1373":"e","1374":"V","1375":"i","1376":"e","1377":"w","1378":"M","1379":"o","1380":"d","1381":"e","1382":"l","1383":"(","1384":")","1385":"\\","1386":"n","1387":"\\","1388":"n","1389":" ","1390":" ","1391":" ","1392":" ","1393":"r","1394":"e","1395":"t","1396":"u","1397":"r","1398":"n","1399":" ","1400":"{","1401":"\\","1402":"n","1403":" ","1404":" ","1405":" ","1406":" ","1407":" ","1408":" ","1409":"r","1410":"e","1411":"q","1412":"u","1413":"e","1414":"s","1415":"t","1416":"M","1417":"e","1418":"s","1419":"s","1420":"a","1421":"g","1422":"e","1423":",","1424":"\\","1425":"n","1426":" ","1427":" ","1428":" ","1429":" ","1430":" ","1431":" ","1432":"m","1433":"e","1434":"s","1435":"s","1436":"a","1437":"g","1438":"e","1439":"s","1440":",","1441":"\\","1442":"n","1443":" ","1444":" ","1445":" ","1446":" ","1447":" ","1448":" ","1449":"h","1450":"a","1451":"n","1452":"d","1453":"l","1454":"e","1455":"M","1456":"e","1457":"s","1458":"s","1459":"a","1460":"g","1461":"e","1462":",","1463":"\\","1464":"n","1465":" ","1466":" ","1467":" ","1468":" ","1469":"}","1470":"\\","1471":"n","1472":" ","1473":" ","1474":"}","1475":"\\","1476":"n","1477":"}","1478":"\\","1479":"n","1480":"<","1481":"/","1482":"s","1483":"c","1484":"r","1485":"i","1486":"p","1487":"t","1488":">","1489":"\"","1490":"]","1491":"}"},"_coverageSchema":"1a1c01bbd47fc00a2c39e90264f33305004495a9","hash":"982d50ba8018e555c2d7be21a8c6f614632e4fc9"}
}
