{"C:\\Users\\Yuri\\OneDrive\\Desktop\\6coders\\ChatSQL\\ChatSQL\\frontend\\src\\components\\GenericButton.vue": {"path":"C:\\Users\\Yuri\\OneDrive\\Desktop\\6coders\\ChatSQL\\ChatSQL\\frontend\\src\\components\\GenericButton.vue","statementMap":{"0":{"start":{"line":4,"column":0},"end":{"line":6,"column":3}},"1":{"start":{"line":7,"column":0},"end":{"line":7,"column":25}},"2":{"start":{"line":8,"column":15},"end":{"line":20,"column":1}},"3":{"start":{"line":17,"column":6},"end":{"line":17,"column":28}},"4":{"start":{"line":21,"column":0},"end":{"line":21,"column":13}},"5":{"start":{"line":23,"column":0},"end":{"line":25,"column":3}},"6":{"start":{"line":26,"column":0},"end":{"line":26,"column":24}},"7":{"start":{"line":27,"column":11},"end":{"line":27,"column":25}},"8":{"start":{"line":29,"column":2},"end":{"line":32,"column":68}},"9":{"start":{"line":31,"column":52},"end":{"line":31,"column":97}},"10":{"start":{"line":33,"column":2},"end":{"line":33,"column":49}}},"fnMap":{"0":{"name":"(anonymous_0)","decl":{"start":{"line":16,"column":4},"end":{"line":16,"column":5}},"loc":{"start":{"line":16,"column":18},"end":{"line":18,"column":5}},"line":16},"1":{"name":"render","decl":{"start":{"line":28,"column":9},"end":{"line":28,"column":15}},"loc":{"start":{"line":28,"column":30},"end":{"line":33,"column":1}},"line":28},"2":{"name":"(anonymous_2)","decl":{"start":{"line":31,"column":39},"end":{"line":31,"column":40}},"loc":{"start":{"line":31,"column":52},"end":{"line":31,"column":97}},"line":31}},"branchMap":{"0":{"loc":{"start":{"line":31,"column":13},"end":{"line":31,"column":98}},"type":"binary-expr","locations":[{"start":{"line":31,"column":13},"end":{"line":31,"column":22}},{"start":{"line":31,"column":27},"end":{"line":31,"column":97}}],"line":31},"1":{"loc":{"start":{"line":31,"column":52},"end":{"line":31,"column":97}},"type":"binary-expr","locations":[{"start":{"line":31,"column":52},"end":{"line":31,"column":68}},{"start":{"line":31,"column":72},"end":{"line":31,"column":97}}],"line":31}},"s":{"0":2,"1":2,"2":2,"3":1,"4":2,"5":2,"6":2,"7":2,"8":6,"9":1,"10":2},"f":{"0":1,"1":6,"2":1},"b":{"0":[6,6],"1":[1,1]},"inputSourceMap":{"0":"{","1":"\"","2":"v","3":"e","4":"r","5":"s","6":"i","7":"o","8":"n","9":"\"","10":":","11":"3","12":",","13":"\"","14":"s","15":"o","16":"u","17":"r","18":"c","19":"e","20":"s","21":"\"","22":":","23":"[","24":"\"","25":"C","26":":","27":"\\","28":"\\","29":"U","30":"s","31":"e","32":"r","33":"s","34":"\\","35":"\\","36":"Y","37":"u","38":"r","39":"i","40":"\\","41":"\\","42":"O","43":"n","44":"e","45":"D","46":"r","47":"i","48":"v","49":"e","50":"\\","51":"\\","52":"D","53":"e","54":"s","55":"k","56":"t","57":"o","58":"p","59":"\\","60":"\\","61":"6","62":"c","63":"o","64":"d","65":"e","66":"r","67":"s","68":"\\","69":"\\","70":"C","71":"h","72":"a","73":"t","74":"S","75":"Q","76":"L","77":"\\","78":"\\","79":"C","80":"h","81":"a","82":"t","83":"S","84":"Q","85":"L","86":"\\","87":"\\","88":"f","89":"r","90":"o","91":"n","92":"t","93":"e","94":"n","95":"d","96":"\\","97":"\\","98":"s","99":"r","100":"c","101":"\\","102":"\\","103":"c","104":"o","105":"m","106":"p","107":"o","108":"n","109":"e","110":"n","111":"t","112":"s","113":"\\","114":"\\","115":"G","116":"e","117":"n","118":"e","119":"r","120":"i","121":"c","122":"B","123":"u","124":"t","125":"t","126":"o","127":"n","128":".","129":"v","130":"u","131":"e","132":"\"","133":"]","134":",","135":"\"","136":"n","137":"a","138":"m","139":"e","140":"s","141":"\"","142":":","143":"[","144":"]","145":",","146":"\"","147":"m","148":"a","149":"p","150":"p","151":"i","152":"n","153":"g","154":"s","155":"\"","156":":","157":"\"","158":";","159":";","160":";","161":";","162":";","163":";","164":";","165":"i","166":"C","167":"A","168":"O","169":"i","170":"B","171":";","172":"E","173":"A","174":"C","175":"b","176":",","177":"K","178":"A","179":"A","180":"K","181":",","182":"E","183":"A","184":"A","185":"E","186":";","187":"I","188":"A","189":"C","190":"L","191":",","192":"W","193":"A","194":"A","195":"W","196":",","197":"E","198":"A","199":"A","200":"E","201":";","202":"M","203":"A","204":"C","205":"X","206":",","207":"I","208":"A","209":"A","210":"I","211":",","212":"E","213":"A","214":"A","215":"E","216":",","217":"M","218":"A","219":"A","220":"M","221":";","222":"M","223":"A","224":"C","225":"Z","226":",","227":"O","228":"A","229":"A","230":"O","231":",","232":"E","233":"A","234":"A","235":"E","236":";","237":"I","238":"A","239":"C","240":"X","241":";","242":"E","243":"A","244":"C","245":"F","246":",","247":"C","248":"A","249":"A","250":"C","251":";","252":"E","253":"A","254":"C","255":"D","256":",","257":"O","258":"A","259":"A","260":"O","261":",","262":"E","263":"A","264":"A","265":"E","266":";","267":"I","268":"A","269":"C","270":"P","271":",","272":"W","273":"A","274":"A","275":"W","276":",","277":"G","278":"A","279":"A","280":"G","281":";","282":"M","283":"A","284":"C","285":"Z","286":",","287":"I","288":"A","289":"A","290":"I","291":",","292":"C","293":"A","294":"A","295":"C","296":",","297":"K","298":"A","299":"A","300":"K","301":",","302":"C","303":"A","304":"A","305":"C","306":",","307":"S","308":"A","309":"A","310":"S","311":",","312":"C","313":"A","314":"A","315":"C","316":";","317":"I","318":"A","319":"C","320":"v","321":"B","322":";","323":"E","324":"A","325":"C","326":"F","327":";","328":"A","329":"A","330":"C","331":"F","332":",","333":"C","334":"A","335":"A","336":"C","337":"\"","338":",","339":"\"","340":"f","341":"i","342":"l","343":"e","344":"\"","345":":","346":"\"","347":"C","348":":","349":"\\","350":"\\","351":"U","352":"s","353":"e","354":"r","355":"s","356":"\\","357":"\\","358":"Y","359":"u","360":"r","361":"i","362":"\\","363":"\\","364":"O","365":"n","366":"e","367":"D","368":"r","369":"i","370":"v","371":"e","372":"\\","373":"\\","374":"D","375":"e","376":"s","377":"k","378":"t","379":"o","380":"p","381":"\\","382":"\\","383":"6","384":"c","385":"o","386":"d","387":"e","388":"r","389":"s","390":"\\","391":"\\","392":"C","393":"h","394":"a","395":"t","396":"S","397":"Q","398":"L","399":"\\","400":"\\","401":"C","402":"h","403":"a","404":"t","405":"S","406":"Q","407":"L","408":"\\","409":"\\","410":"f","411":"r","412":"o","413":"n","414":"t","415":"e","416":"n","417":"d","418":"\\","419":"\\","420":"s","421":"r","422":"c","423":"\\","424":"\\","425":"c","426":"o","427":"m","428":"p","429":"o","430":"n","431":"e","432":"n","433":"t","434":"s","435":"\\","436":"\\","437":"G","438":"e","439":"n","440":"e","441":"r","442":"i","443":"c","444":"B","445":"u","446":"t","447":"t","448":"o","449":"n","450":".","451":"v","452":"u","453":"e","454":"\"","455":",","456":"\"","457":"s","458":"o","459":"u","460":"r","461":"c","462":"e","463":"s","464":"C","465":"o","466":"n","467":"t","468":"e","469":"n","470":"t","471":"\"","472":":","473":"[","474":"\"","475":"<","476":"t","477":"e","478":"m","479":"p","480":"l","481":"a","482":"t","483":"e","484":">","485":"\\","486":"r","487":"\\","488":"n","489":" ","490":" ","491":" ","492":" ","493":" ","494":" ","495":"<","496":"b","497":"u","498":"t","499":"t","500":"o","501":"n","502":" ","503":":","504":"c","505":"l","506":"a","507":"s","508":"s","509":"=","510":"\\","511":"\"","512":"b","513":"u","514":"t","515":"t","516":"o","517":"n","518":"C","519":"l","520":"a","521":"s","522":"s","523":"\\","524":"\"","525":" ","526":"@","527":"c","528":"l","529":"i","530":"c","531":"k","532":"=","533":"\\","534":"\"","535":"h","536":"a","537":"n","538":"d","539":"l","540":"e","541":"C","542":"l","543":"i","544":"c","545":"k","546":"\\","547":"\"","548":">","549":"\\","550":"r","551":"\\","552":"n","553":" ","554":" ","555":" ","556":" ","557":"<","558":"s","559":"l","560":"o","561":"t","562":">","563":"<","564":"/","565":"s","566":"l","567":"o","568":"t","569":">","570":"\\","571":"r","572":"\\","573":"n","574":" ","575":" ","576":"<","577":"/","578":"b","579":"u","580":"t","581":"t","582":"o","583":"n","584":">","585":"\\","586":"r","587":"\\","588":"n","589":"<","590":"/","591":"t","592":"e","593":"m","594":"p","595":"l","596":"a","597":"t","598":"e","599":">","600":"\\","601":"r","602":"\\","603":"n","604":" ","605":" ","606":"\\","607":"r","608":"\\","609":"n","610":"<","611":"s","612":"c","613":"r","614":"i","615":"p","616":"t","617":">","618":"\\","619":"r","620":"\\","621":"n","622":" ","623":" ","624":"e","625":"x","626":"p","627":"o","628":"r","629":"t","630":" ","631":"d","632":"e","633":"f","634":"a","635":"u","636":"l","637":"t","638":" ","639":"{","640":"\\","641":"r","642":"\\","643":"n","644":" ","645":" ","646":" ","647":" ","648":"p","649":"r","650":"o","651":"p","652":"s","653":":","654":" ","655":"{","656":"\\","657":"r","658":"\\","659":"n","660":" ","661":" ","662":" ","663":" ","664":" ","665":" ","666":"b","667":"u","668":"t","669":"t","670":"o","671":"n","672":"C","673":"l","674":"a","675":"s","676":"s","677":":","678":" ","679":"{","680":"\\","681":"r","682":"\\","683":"n","684":" ","685":" ","686":" ","687":" ","688":" ","689":" ","690":" ","691":" ","692":"t","693":"y","694":"p","695":"e","696":":","697":" ","698":"S","699":"t","700":"r","701":"i","702":"n","703":"g","704":",","705":"\\","706":"r","707":"\\","708":"n","709":" ","710":" ","711":" ","712":" ","713":" ","714":" ","715":" ","716":" ","717":"d","718":"e","719":"f","720":"a","721":"u","722":"l","723":"t","724":":","725":" ","726":"\\","727":"\"","728":"g","729":"e","730":"n","731":"e","732":"r","733":"i","734":"c","735":"-","736":"b","737":"u","738":"t","739":"t","740":"o","741":"n","742":"\\","743":"\"","744":" ","745":"\\","746":"r","747":"\\","748":"n","749":" ","750":" ","751":" ","752":" ","753":" ","754":" ","755":"}","756":"\\","757":"r","758":"\\","759":"n","760":" ","761":" ","762":" ","763":" ","764":"}","765":",","766":"\\","767":"r","768":"\\","769":"n","770":" ","771":" ","772":" ","773":" ","774":"m","775":"e","776":"t","777":"h","778":"o","779":"d","780":"s","781":":","782":" ","783":"{","784":"\\","785":"r","786":"\\","787":"n","788":" ","789":" ","790":" ","791":" ","792":" ","793":" ","794":"h","795":"a","796":"n","797":"d","798":"l","799":"e","800":"C","801":"l","802":"i","803":"c","804":"k","805":"(","806":")","807":" ","808":"{","809":"\\","810":"r","811":"\\","812":"n","813":" ","814":" ","815":" ","816":" ","817":" ","818":" ","819":" ","820":" ","821":"t","822":"h","823":"i","824":"s","825":".","826":"$","827":"e","828":"m","829":"i","830":"t","831":"(","832":"\\","833":"\"","834":"c","835":"l","836":"i","837":"c","838":"k","839":"e","840":"d","841":"\\","842":"\"","843":")","844":";","845":"\\","846":"r","847":"\\","848":"n","849":" ","850":" ","851":" ","852":" ","853":" ","854":" ","855":"}","856":"\\","857":"r","858":"\\","859":"n","860":" ","861":" ","862":" ","863":" ","864":"}","865":"\\","866":"r","867":"\\","868":"n","869":" ","870":" ","871":"}","872":";","873":"\\","874":"r","875":"\\","876":"n","877":"<","878":"/","879":"s","880":"c","881":"r","882":"i","883":"p","884":"t","885":">","886":"\"","887":"]","888":"}"},"_coverageSchema":"1a1c01bbd47fc00a2c39e90264f33305004495a9","hash":"0a4cd9e83d330e095cb53c09ee9e4cffa471795b"}
,"C:\\Users\\Yuri\\OneDrive\\Desktop\\6coders\\ChatSQL\\ChatSQL\\frontend\\src\\components\\RedirectButton.vue": {"path":"C:\\Users\\Yuri\\OneDrive\\Desktop\\6coders\\ChatSQL\\ChatSQL\\frontend\\src\\components\\RedirectButton.vue","statementMap":{"0":{"start":{"line":4,"column":29},"end":{"line":4,"column":172}},"1":{"start":{"line":5,"column":0},"end":{"line":7,"column":3}},"2":{"start":{"line":8,"column":0},"end":{"line":8,"column":25}},"3":{"start":{"line":45,"column":0},"end":{"line":45,"column":13}},"4":{"start":{"line":47,"column":0},"end":{"line":49,"column":3}},"5":{"start":{"line":50,"column":0},"end":{"line":50,"column":24}},"6":{"start":{"line":51,"column":11},"end":{"line":51,"column":25}},"7":{"start":{"line":53,"column":35},"end":{"line":53,"column":78}},"8":{"start":{"line":54,"column":2},"end":{"line":60,"column":50}},"9":{"start":{"line":58,"column":37},"end":{"line":58,"column":83}},"10":{"start":{"line":61,"column":2},"end":{"line":61,"column":49}}},"fnMap":{"0":{"name":"render","decl":{"start":{"line":52,"column":9},"end":{"line":52,"column":15}},"loc":{"start":{"line":52,"column":30},"end":{"line":61,"column":1}},"line":52},"1":{"name":"(anonymous_1)","decl":{"start":{"line":58,"column":31},"end":{"line":58,"column":32}},"loc":{"start":{"line":58,"column":37},"end":{"line":58,"column":83}},"line":58}},"branchMap":{},"s":{"0":1,"1":1,"2":1,"3":1,"4":1,"5":1,"6":1,"7":4,"8":4,"9":4,"10":1},"f":{"0":4,"1":4},"b":{},"inputSourceMap":{"0":"{","1":"\"","2":"v","3":"e","4":"r","5":"s","6":"i","7":"o","8":"n","9":"\"","10":":","11":"3","12":",","13":"\"","14":"s","15":"o","16":"u","17":"r","18":"c","19":"e","20":"s","21":"\"","22":":","23":"[","24":"\"","25":"C","26":":","27":"\\","28":"\\","29":"U","30":"s","31":"e","32":"r","33":"s","34":"\\","35":"\\","36":"Y","37":"u","38":"r","39":"i","40":"\\","41":"\\","42":"O","43":"n","44":"e","45":"D","46":"r","47":"i","48":"v","49":"e","50":"\\","51":"\\","52":"D","53":"e","54":"s","55":"k","56":"t","57":"o","58":"p","59":"\\","60":"\\","61":"6","62":"c","63":"o","64":"d","65":"e","66":"r","67":"s","68":"\\","69":"\\","70":"C","71":"h","72":"a","73":"t","74":"S","75":"Q","76":"L","77":"\\","78":"\\","79":"C","80":"h","81":"a","82":"t","83":"S","84":"Q","85":"L","86":"\\","87":"\\","88":"f","89":"r","90":"o","91":"n","92":"t","93":"e","94":"n","95":"d","96":"\\","97":"\\","98":"s","99":"r","100":"c","101":"\\","102":"\\","103":"c","104":"o","105":"m","106":"p","107":"o","108":"n","109":"e","110":"n","111":"t","112":"s","113":"\\","114":"\\","115":"R","116":"e","117":"d","118":"i","119":"r","120":"e","121":"c","122":"t","123":"B","124":"u","125":"t","126":"t","127":"o","128":"n","129":".","130":"v","131":"u","132":"e","133":"\"","134":"]","135":",","136":"\"","137":"n","138":"a","139":"m","140":"e","141":"s","142":"\"","143":":","144":"[","145":"]","146":",","147":"\"","148":"m","149":"a","150":"p","151":"p","152":"i","153":"n","154":"g","155":"s","156":"\"","157":":","158":"\"","159":";","160":";","161":";","162":";","163":";","164":";","165":";","166":";","167":"A","168":"A","169":"O","170":"A","171":";","172":"A","173":"A","174":"A","175":"A","176":";","177":"A","178":"A","179":"A","180":"A","181":";","182":"A","183":"A","184":"A","185":"g","186":"D","187":";","188":"A","189":"A","190":"A","191":"A","192":",","193":"i","194":"C","195":"A","196":"E","197":"j","198":"C","199":";","200":"E","201":"A","202":"C","203":"b","204":",","205":"U","206":"A","207":"A","208":"U","209":",","210":"E","211":"A","212":"A","213":"E","214":";","215":"I","216":"A","217":"C","218":"V","219":",","220":"a","221":"A","222":"A","223":"a","224":";","225":"I","226":"A","227":"A","228":"b","229":";","230":"I","231":"A","232":"A","233":"A","234":";","235":"I","236":"A","237":"A","238":"A","239":";","240":"I","241":"A","242":"A","243":"A","244":";","245":"E","246":"A","247":"C","248":"F","249":",","250":"C","251":"A","252":"A","253":"C","254":";","255":"E","256":"A","257":"C","258":"D","259":",","260":"K","261":"A","262":"A","263":"K","264":",","265":"E","266":"A","267":"A","268":"E","269":";","270":"I","271":"A","272":"C","273":"L","274":",","275":"W","276":"A","277":"A","278":"W","279":",","280":"E","281":"A","282":"A","283":"E","284":";","285":"M","286":"A","287":"C","288":"X","289":",","290":"I","291":"A","292":"A","293":"I","294":",","295":"E","296":"A","297":"A","298":"E","299":",","300":"M","301":"A","302":"A","303":"M","304":";","305":"M","306":"A","307":"C","308":"Z","309":",","310":"O","311":"A","312":"A","313":"O","314":",","315":"E","316":"A","317":"A","318":"E","319":";","320":"I","321":"A","322":"C","323":"X","324":",","325":"C","326":"A","327":"A","328":"C","329":";","330":"I","331":"A","332":"C","333":"D","334":",","335":"W","336":"A","337":"A","338":"W","339":",","340":"E","341":"A","342":"A","343":"E","344":";","345":"M","346":"A","347":"C","348":"X","349":",","350":"I","351":"A","352":"A","353":"I","354":",","355":"E","356":"A","357":"A","358":"E","359":",","360":"M","361":"A","362":"A","363":"M","364":";","365":"M","366":"A","367":"C","368":"Z","369":",","370":"S","371":"A","372":"A","373":"S","374":",","375":"E","376":"A","377":"A","378":"E","379":",","380":"K","381":"A","382":"A","383":"K","384":",","385":"I","386":"A","387":"A","388":"I","389":";","390":"Q","391":"A","392":"C","393":"l","394":"B","395":",","396":"M","397":"A","398":"A","399":"M","400":",","401":"i","402":"B","403":"A","404":"A","405":"i","406":"B","407":",","408":"G","409":"A","410":"A","411":"G","412":",","413":"C","414":"A","415":"A","416":"C","417":",","418":"G","419":"A","420":"A","421":"G","422":",","423":"E","424":"A","425":"A","426":"E","427":",","428":"U","429":"A","430":"A","431":"U","432":",","433":"E","434":"A","435":"A","436":"E","437":",","438":"U","439":"A","440":"A","441":"U","442":",","443":"C","444":"A","445":"A","446":"C","447":";","448":"Q","449":"A","450":"C","451":"v","452":"D","453":",","454":"I","455":"A","456":"A","457":"I","458":",","459":"C","460":"A","461":"A","462":"C","463":",","464":"i","465":"B","466":"A","467":"A","468":"i","469":"B","470":",","471":"C","472":"A","473":"A","474":"C","475":",","476":"Q","477":"A","478":"A","479":"Q","480":",","481":"C","482":"A","483":"A","484":"C","485":",","486":"K","487":"A","488":"A","489":"K","490":",","491":"C","492":"A","493":"A","494":"C","495":",","496":"E","497":"A","498":"A","499":"E","500":";","501":"U","502":"A","503":"C","504":"t","505":"C","506":",","507":"O","508":"A","509":"A","510":"O","511":",","512":"C","513":"A","514":"A","515":"C","516":",","517":"K","518":"A","519":"A","520":"K","521":",","522":"C","523":"A","524":"A","525":"E","526":",","527":"i","528":"C","529":"A","530":"A","531":"g","532":"C","533":",","534":"K","535":"A","536":"A","537":"M","538":",","539":"E","540":"A","541":"A","542":"C","543":",","544":"C","545":"A","546":"A","547":"C","548":";","549":"U","550":"A","551":"C","552":"v","553":"D","554":",","555":"O","556":"A","557":"A","558":"O","559":",","560":"K","561":"A","562":"A","563":"K","564":",","565":"C","566":"A","567":"A","568":"C","569":",","570":"C","571":"A","572":"A","573":"C","574":";","575":"Q","576":"A","577":"C","578":"h","579":"B","580":";","581":"Q","582":"A","583":"C","584":"A","585":",","586":"O","587":"A","588":"A","589":"O","590":",","591":"I","592":"A","593":"A","594":"I","595":",","596":"C","597":"A","598":"A","599":"C","600":",","601":"C","602":"A","603":"A","604":"C","605":";","606":"M","607":"A","608":"C","609":"f","610":",","611":"C","612":"A","613":"A","614":"C","615":";","616":"M","617":"A","618":"C","619":"D","620":",","621":"Q","622":"A","623":"A","624":"Q","625":",","626":"E","627":"A","628":"A","629":"E","630":";","631":"I","632":"A","633":"C","634":"Z","635":";","636":"E","637":"A","638":"C","639":"F","640":",","641":"C","642":"A","643":"A","644":"C","645":";","646":"E","647":"A","648":"C","649":"D","650":",","651":"O","652":"A","653":"A","654":"O","655":",","656":"E","657":"A","658":"A","659":"E","660":";","661":"I","662":"A","663":"C","664":"P","665":",","666":"W","667":"A","668":"A","669":"W","670":",","671":"G","672":"A","673":"A","674":"G","675":";","676":"M","677":"A","678":"C","679":"Z","680":",","681":"M","682":"A","683":"A","684":"M","685":",","686":"C","687":"A","688":"A","689":"C","690":",","691":"Q","692":"A","693":"A","694":"Q","695":",","696":"C","697":"A","698":"A","699":"C","700":",","701":"I","702":"A","703":"A","704":"I","705":",","706":"G","707":"A","708":"A","709":"G","710":",","711":"I","712":"A","713":"A","714":"I","715":",","716":"C","717":"A","718":"A","719":"C","720":",","721":"W","722":"A","723":"A","724":"W","725":";","726":"I","727":"A","728":"C","729":"z","730":"C","731":";","732":"E","733":"A","734":"C","735":"F","736":";","737":"A","738":"A","739":"C","740":"F","741":",","742":"C","743":"A","744":"A","745":"C","746":"\"","747":",","748":"\"","749":"f","750":"i","751":"l","752":"e","753":"\"","754":":","755":"\"","756":"C","757":":","758":"\\","759":"\\","760":"U","761":"s","762":"e","763":"r","764":"s","765":"\\","766":"\\","767":"Y","768":"u","769":"r","770":"i","771":"\\","772":"\\","773":"O","774":"n","775":"e","776":"D","777":"r","778":"i","779":"v","780":"e","781":"\\","782":"\\","783":"D","784":"e","785":"s","786":"k","787":"t","788":"o","789":"p","790":"\\","791":"\\","792":"6","793":"c","794":"o","795":"d","796":"e","797":"r","798":"s","799":"\\","800":"\\","801":"C","802":"h","803":"a","804":"t","805":"S","806":"Q","807":"L","808":"\\","809":"\\","810":"C","811":"h","812":"a","813":"t","814":"S","815":"Q","816":"L","817":"\\","818":"\\","819":"f","820":"r","821":"o","822":"n","823":"t","824":"e","825":"n","826":"d","827":"\\","828":"\\","829":"s","830":"r","831":"c","832":"\\","833":"\\","834":"c","835":"o","836":"m","837":"p","838":"o","839":"n","840":"e","841":"n","842":"t","843":"s","844":"\\","845":"\\","846":"R","847":"e","848":"d","849":"i","850":"r","851":"e","852":"c","853":"t","854":"B","855":"u","856":"t","857":"t","858":"o","859":"n","860":".","861":"v","862":"u","863":"e","864":"\"","865":",","866":"\"","867":"s","868":"o","869":"u","870":"r","871":"c","872":"e","873":"s","874":"C","875":"o","876":"n","877":"t","878":"e","879":"n","880":"t","881":"\"","882":":","883":"[","884":"\"","885":"<","886":"t","887":"e","888":"m","889":"p","890":"l","891":"a","892":"t","893":"e","894":">","895":"\\","896":"r","897":"\\","898":"n","899":" ","900":" ","901":"<","902":"G","903":"e","904":"n","905":"e","906":"r","907":"i","908":"c","909":"B","910":"u","911":"t","912":"t","913":"o","914":"n","915":" ","916":":","917":"b","918":"u","919":"t","920":"t","921":"o","922":"n","923":"C","924":"l","925":"a","926":"s","927":"s","928":"=","929":"\\","930":"\"","931":"b","932":"u","933":"t","934":"t","935":"o","936":"n","937":"C","938":"l","939":"a","940":"s","941":"s","942":"\\","943":"\"","944":" ","945":"@","946":"c","947":"l","948":"i","949":"c","950":"k","951":"e","952":"d","953":"=","954":"\\","955":"\"","956":"h","957":"a","958":"n","959":"d","960":"l","961":"e","962":"C","963":"l","964":"i","965":"c","966":"k","967":"\\","968":"\"","969":">","970":"\\","971":"r","972":"\\","973":"n","974":" ","975":" ","976":" ","977":" ","978":"<","979":"s","980":"l","981":"o","982":"t","983":">","984":"<","985":"/","986":"s","987":"l","988":"o","989":"t","990":">","991":"\\","992":"r","993":"\\","994":"n","995":" ","996":" ","997":"<","998":"/","999":"G","1000":"e","1001":"n","1002":"e","1003":"r","1004":"i","1005":"c","1006":"B","1007":"u","1008":"t","1009":"t","1010":"o","1011":"n","1012":">","1013":"\\","1014":"r","1015":"\\","1016":"n","1017":"<","1018":"/","1019":"t","1020":"e","1021":"m","1022":"p","1023":"l","1024":"a","1025":"t","1026":"e","1027":">","1028":"\\","1029":"r","1030":"\\","1031":"n","1032":"\\","1033":"r","1034":"\\","1035":"n","1036":"<","1037":"s","1038":"c","1039":"r","1040":"i","1041":"p","1042":"t","1043":">","1044":"\\","1045":"r","1046":"\\","1047":"n","1048":"i","1049":"m","1050":"p","1051":"o","1052":"r","1053":"t","1054":" ","1055":"G","1056":"e","1057":"n","1058":"e","1059":"r","1060":"i","1061":"c","1062":"B","1063":"u","1064":"t","1065":"t","1066":"o","1067":"n","1068":" ","1069":"f","1070":"r","1071":"o","1072":"m","1073":" ","1074":"\\","1075":"\"","1076":".","1077":"/","1078":"G","1079":"e","1080":"n","1081":"e","1082":"r","1083":"i","1084":"c","1085":"B","1086":"u","1087":"t","1088":"t","1089":"o","1090":"n","1091":".","1092":"v","1093":"u","1094":"e","1095":"\\","1096":"\"","1097":";","1098":"\\","1099":"r","1100":"\\","1101":"n","1102":"\\","1103":"r","1104":"\\","1105":"n","1106":"e","1107":"x","1108":"p","1109":"o","1110":"r","1111":"t","1112":" ","1113":"d","1114":"e","1115":"f","1116":"a","1117":"u","1118":"l","1119":"t","1120":" ","1121":"{","1122":"\\","1123":"r","1124":"\\","1125":"n","1126":" ","1127":" ","1128":"c","1129":"o","1130":"m","1131":"p","1132":"o","1133":"n","1134":"e","1135":"n","1136":"t","1137":"s","1138":":","1139":" ","1140":"{","1141":"\\","1142":"r","1143":"\\","1144":"n","1145":" ","1146":" ","1147":" ","1148":" ","1149":"G","1150":"e","1151":"n","1152":"e","1153":"r","1154":"i","1155":"c","1156":"B","1157":"u","1158":"t","1159":"t","1160":"o","1161":"n","1162":"\\","1163":"r","1164":"\\","1165":"n","1166":" ","1167":" ","1168":"}","1169":",","1170":"\\","1171":"r","1172":"\\","1173":"n","1174":" ","1175":" ","1176":"p","1177":"r","1178":"o","1179":"p","1180":"s","1181":":","1182":" ","1183":"{","1184":"\\","1185":"r","1186":"\\","1187":"n","1188":" ","1189":" ","1190":" ","1191":" ","1192":"b","1193":"u","1194":"t","1195":"t","1196":"o","1197":"n","1198":"C","1199":"l","1200":"a","1201":"s","1202":"s","1203":":","1204":" ","1205":"{","1206":"\\","1207":"r","1208":"\\","1209":"n","1210":" ","1211":" ","1212":" ","1213":" ","1214":" ","1215":" ","1216":"t","1217":"y","1218":"p","1219":"e","1220":":","1221":" ","1222":"S","1223":"t","1224":"r","1225":"i","1226":"n","1227":"g","1228":",","1229":"\\","1230":"r","1231":"\\","1232":"n","1233":" ","1234":" ","1235":" ","1236":" ","1237":" ","1238":" ","1239":"d","1240":"e","1241":"f","1242":"a","1243":"u","1244":"l","1245":"t","1246":":","1247":" ","1248":"\\","1249":"\"","1250":"g","1251":"e","1252":"n","1253":"e","1254":"r","1255":"i","1256":"c","1257":"-","1258":"b","1259":"u","1260":"t","1261":"t","1262":"o","1263":"n","1264":"\\","1265":"\"","1266":"\\","1267":"r","1268":"\\","1269":"n","1270":" ","1271":" ","1272":" ","1273":" ","1274":"}","1275":",","1276":"\\","1277":"r","1278":"\\","1279":"n","1280":" ","1281":" ","1282":" ","1283":" ","1284":"d","1285":"e","1286":"s","1287":"t","1288":"i","1289":"n","1290":"a","1291":"t","1292":"i","1293":"o","1294":"n","1295":":","1296":" ","1297":"{","1298":"\\","1299":"r","1300":"\\","1301":"n","1302":" ","1303":" ","1304":" ","1305":" ","1306":" ","1307":" ","1308":"t","1309":"y","1310":"p","1311":"e","1312":":","1313":" ","1314":"S","1315":"t","1316":"r","1317":"i","1318":"n","1319":"g","1320":",","1321":"\\","1322":"r","1323":"\\","1324":"n","1325":" ","1326":" ","1327":" ","1328":" ","1329":" ","1330":" ","1331":"v","1332":"a","1333":"l","1334":"i","1335":"d","1336":"a","1337":"t","1338":"o","1339":"r","1340":":","1341":" ","1342":"v","1343":"a","1344":"l","1345":"u","1346":"e","1347":" ","1348":"=","1349":">","1350":" ","1351":"{","1352":"\\","1353":"r","1354":"\\","1355":"n","1356":" ","1357":" ","1358":" ","1359":" ","1360":" ","1361":" ","1362":" ","1363":" ","1364":"c","1365":"o","1366":"n","1367":"s","1368":"t","1369":" ","1370":"v","1371":"a","1372":"l","1373":"i","1374":"d","1375":"D","1376":"e","1377":"s","1378":"t","1379":"i","1380":"n","1381":"a","1382":"t","1383":"i","1384":"o","1385":"n","1386":"s","1387":" ","1388":"=","1389":" ","1390":"[","1391":"'","1392":"/","1393":"'","1394":",","1395":" ","1396":"'","1397":"/","1398":"r","1399":"e","1400":"q","1401":"u","1402":"e","1403":"s","1404":"t","1405":"'","1406":",","1407":" ","1408":"'","1409":"/","1410":"m","1411":"a","1412":"n","1413":"a","1414":"g","1415":"e","1416":"r","1417":"'","1418":"]","1419":";","1420":"\\","1421":"r","1422":"\\","1423":"n","1424":" ","1425":" ","1426":" ","1427":" ","1428":" ","1429":" ","1430":" ","1431":" ","1432":"i","1433":"f","1434":" ","1435":"(","1436":"!","1437":"v","1438":"a","1439":"l","1440":"i","1441":"d","1442":"D","1443":"e","1444":"s","1445":"t","1446":"i","1447":"n","1448":"a","1449":"t","1450":"i","1451":"o","1452":"n","1453":"s","1454":".","1455":"i","1456":"n","1457":"c","1458":"l","1459":"u","1460":"d","1461":"e","1462":"s","1463":"(","1464":"v","1465":"a","1466":"l","1467":"u","1468":"e","1469":")","1470":")","1471":" ","1472":"{","1473":"\\","1474":"r","1475":"\\","1476":"n","1477":" ","1478":" ","1479":" ","1480":" ","1481":" ","1482":" ","1483":" ","1484":" ","1485":" ","1486":" ","1487":"c","1488":"o","1489":"n","1490":"s","1491":"o","1492":"l","1493":"e","1494":".","1495":"e","1496":"r","1497":"r","1498":"o","1499":"r","1500":"(","1501":"`","1502":"I","1503":"n","1504":"v","1505":"a","1506":"l","1507":"i","1508":"d","1509":" ","1510":"d","1511":"e","1512":"s","1513":"t","1514":"i","1515":"n","1516":"a","1517":"t","1518":"i","1519":"o","1520":"n","1521":" ","1522":"p","1523":"r","1524":"o","1525":"v","1526":"i","1527":"d","1528":"e","1529":"d","1530":":","1531":" ","1532":"$","1533":"{","1534":"v","1535":"a","1536":"l","1537":"u","1538":"e","1539":"}","1540":"`","1541":")","1542":";","1543":"\\","1544":"r","1545":"\\","1546":"n","1547":" ","1548":" ","1549":" ","1550":" ","1551":" ","1552":" ","1553":" ","1554":" ","1555":" ","1556":" ","1557":"r","1558":"e","1559":"t","1560":"u","1561":"r","1562":"n","1563":" ","1564":"f","1565":"a","1566":"l","1567":"s","1568":"e","1569":";","1570":" ","1571":"/","1572":"/","1573":" ","1574":"V","1575":"a","1576":"l","1577":"i","1578":"d","1579":"a","1580":"t","1581":"i","1582":"o","1583":"n","1584":" ","1585":"f","1586":"a","1587":"i","1588":"l","1589":"e","1590":"d","1591":"\\","1592":"r","1593":"\\","1594":"n","1595":" ","1596":" ","1597":" ","1598":" ","1599":" ","1600":" ","1601":" ","1602":" ","1603":"}","1604":"\\","1605":"r","1606":"\\","1607":"n","1608":" ","1609":" ","1610":" ","1611":" ","1612":" ","1613":" ","1614":" ","1615":" ","1616":"r","1617":"e","1618":"t","1619":"u","1620":"r","1621":"n","1622":" ","1623":"t","1624":"r","1625":"u","1626":"e","1627":";","1628":" ","1629":"/","1630":"/","1631":" ","1632":"V","1633":"a","1634":"l","1635":"i","1636":"d","1637":"a","1638":"t","1639":"i","1640":"o","1641":"n","1642":" ","1643":"p","1644":"a","1645":"s","1646":"s","1647":"e","1648":"d","1649":"\\","1650":"r","1651":"\\","1652":"n","1653":" ","1654":" ","1655":" ","1656":" ","1657":" ","1658":" ","1659":"}","1660":",","1661":"\\","1662":"r","1663":"\\","1664":"n","1665":" ","1666":" ","1667":" ","1668":" ","1669":" ","1670":" ","1671":"r","1672":"e","1673":"q","1674":"u","1675":"i","1676":"r","1677":"e","1678":"d","1679":":","1680":" ","1681":"t","1682":"r","1683":"u","1684":"e","1685":"\\","1686":"r","1687":"\\","1688":"n","1689":" ","1690":" ","1691":" ","1692":" ","1693":"}","1694":"\\","1695":"r","1696":"\\","1697":"n","1698":" ","1699":" ","1700":"}","1701":",","1702":"\\","1703":"r","1704":"\\","1705":"n","1706":" ","1707":" ","1708":"m","1709":"e","1710":"t","1711":"h","1712":"o","1713":"d","1714":"s","1715":":","1716":" ","1717":"{","1718":"\\","1719":"r","1720":"\\","1721":"n","1722":" ","1723":" ","1724":" ","1725":" ","1726":"h","1727":"a","1728":"n","1729":"d","1730":"l","1731":"e","1732":"C","1733":"l","1734":"i","1735":"c","1736":"k","1737":"(","1738":")","1739":" ","1740":"{","1741":"\\","1742":"r","1743":"\\","1744":"n","1745":" ","1746":" ","1747":" ","1748":" ","1749":" ","1750":" ","1751":"w","1752":"i","1753":"n","1754":"d","1755":"o","1756":"w","1757":".","1758":"l","1759":"o","1760":"c","1761":"a","1762":"t","1763":"i","1764":"o","1765":"n","1766":".","1767":"h","1768":"r","1769":"e","1770":"f","1771":" ","1772":"=","1773":" ","1774":"t","1775":"h","1776":"i","1777":"s","1778":".","1779":"d","1780":"e","1781":"s","1782":"t","1783":"i","1784":"n","1785":"a","1786":"t","1787":"i","1788":"o","1789":"n","1790":";","1791":"\\","1792":"r","1793":"\\","1794":"n","1795":" ","1796":" ","1797":" ","1798":" ","1799":"}","1800":"\\","1801":"r","1802":"\\","1803":"n","1804":" ","1805":" ","1806":"}","1807":"\\","1808":"r","1809":"\\","1810":"n","1811":"}","1812":";","1813":"\\","1814":"r","1815":"\\","1816":"n","1817":"<","1818":"/","1819":"s","1820":"c","1821":"r","1822":"i","1823":"p","1824":"t","1825":">","1826":"\\","1827":"r","1828":"\\","1829":"n","1830":"\"","1831":"]","1832":"}"},"_coverageSchema":"1a1c01bbd47fc00a2c39e90264f33305004495a9","hash":"97f4a09af4bef9c6555e8efab5919dee7bd10b08"}
}
