TN:
SF:src\components\DeleteButton.vue
FN:11,(anonymous_0)
FN:23,render
FN:25,(anonymous_2)
FNF:3
FNH:0
FNDA:0,(anonymous_0)
FNDA:0,render
FNDA:0,(anonymous_2)
DA:4,1
DA:7,1
DA:8,1
DA:12,0
DA:16,1
DA:18,1
DA:21,1
DA:22,1
DA:24,0
DA:25,0
DA:27,1
LF:11
LH:8
BRDA:25,0,0,0
BRDA:25,0,1,0
BRDA:25,1,0,0
BRDA:25,1,1,0
BRF:4
BRH:0
end_of_record
TN:
SF:src\components\InputFile.vue
FN:10,(anonymous_0)
FN:16,(anonymous_1)
FN:20,(anonymous_2)
FN:36,render
FN:40,(anonymous_4)
FN:44,(anonymous_5)
FNF:6
FNH:4
FNDA:1,(anonymous_0)
FNDA:1,(anonymous_1)
FNDA:0,(anonymous_2)
FNDA:1,render
FNDA:1,(anonymous_4)
FNDA:0,(anonymous_5)
DA:4,2
DA:7,2
DA:8,2
DA:11,1
DA:17,1
DA:18,1
DA:21,0
DA:22,0
DA:24,0
DA:29,2
DA:31,2
DA:34,2
DA:35,2
DA:37,1
DA:40,1
DA:44,0
DA:46,2
LF:17
LH:13
BRDA:21,0,0,0
BRDA:21,0,1,0
BRDA:40,1,0,1
BRDA:40,1,1,1
BRDA:40,2,0,1
BRDA:40,2,1,1
BRDA:44,3,0,1
BRDA:44,3,1,1
BRDA:44,4,0,0
BRDA:44,4,1,0
BRF:10
BRH:6
end_of_record
TN:
SF:src\components\InputRequest.vue
FN:34,render
FN:36,(anonymous_1)
FNF:2
FNH:2
FNDA:3,render
FNDA:1,(anonymous_1)
DA:4,2
DA:7,2
DA:27,2
DA:29,2
DA:32,2
DA:33,2
DA:35,3
DA:36,1
DA:39,2
LF:9
LH:9
BRDA:36,0,0,3
BRDA:36,0,1,2
BRF:2
BRH:2
end_of_record
TN:
SF:src\components\LoadButton.vue
FN:11,(anonymous_0)
FN:23,render
FN:25,(anonymous_2)
FNF:3
FNH:0
FNDA:0,(anonymous_0)
FNDA:0,render
FNDA:0,(anonymous_2)
DA:4,1
DA:7,1
DA:8,1
DA:12,0
DA:16,1
DA:18,1
DA:21,1
DA:22,1
DA:24,0
DA:25,0
DA:27,1
LF:11
LH:8
BRDA:25,0,0,0
BRDA:25,0,1,0
BRDA:25,1,0,0
BRDA:25,1,1,0
BRF:4
BRH:0
end_of_record
TN:
SF:src\components\RedirectButton.vue
FN:50,render
FN:53,(anonymous_1)
FNF:2
FNH:2
FNDA:4,render
FNDA:4,(anonymous_1)
DA:4,1
DA:7,1
DA:8,1
DA:42,1
DA:44,1
DA:47,1
DA:48,1
DA:49,1
DA:51,4
DA:53,4
DA:55,1
LF:11
LH:11
BRDA:53,0,0,4
BRDA:53,0,1,4
BRDA:53,1,0,4
BRDA:53,1,1,4
BRF:4
BRH:4
end_of_record
TN:
SF:src\components\SendRequestButton.vue
FN:92,render
FN:96,(anonymous_1)
FN:101,(anonymous_2)
FNF:3
FNH:2
FNDA:4,render
FNDA:1,(anonymous_1)
FNDA:0,(anonymous_2)
DA:4,2
DA:5,2
DA:8,2
DA:85,2
DA:87,2
DA:90,2
DA:91,2
DA:93,4
DA:96,1
DA:101,0
DA:103,2
LF:11
LH:10
BRDA:93,0,0,3
BRDA:93,0,1,1
BRDA:96,1,0,3
BRDA:96,1,1,2
BRDA:96,2,0,1
BRDA:96,2,1,1
BRDA:101,3,0,1
BRDA:101,3,1,1
BRDA:101,4,0,0
BRDA:101,4,1,0
BRF:10
BRH:8
end_of_record
TN:
SF:src\components\ViewDictionary.vue
FN:62,render
FN:65,(anonymous_1)
FNF:2
FNH:0
FNDA:0,render
FNDA:0,(anonymous_1)
DA:4,1
DA:5,1
DA:8,1
DA:9,1
DA:53,1
DA:55,1
DA:58,1
DA:59,1
DA:60,1
DA:61,1
DA:63,0
DA:64,0
DA:65,0
DA:66,0
DA:76,1
LF:15
LH:11
BRF:0
BRH:0
end_of_record
TN:
SF:src\components\ViewGeneratedPrompts.vue
FN:30,render
FN:31,(anonymous_1)
FNF:2
FNH:2
FNDA:1,render
FNDA:4,(anonymous_1)
DA:4,2
DA:7,2
DA:8,2
DA:17,2
DA:19,2
DA:22,2
DA:23,2
DA:24,2
DA:27,2
DA:31,1
DA:32,4
DA:36,2
LF:12
LH:12
BRDA:34,0,0,2
BRDA:34,0,1,2
BRDA:34,1,0,2
BRDA:34,1,1,0
BRF:4
BRH:3
end_of_record
TN:
SF:src\model\MManager.js
FN:4,(anonymous_0)
FN:24,(anonymous_1)
FN:27,(anonymous_2)
FN:32,(anonymous_3)
FNF:4
FNH:0
FNDA:0,(anonymous_0)
FNDA:0,(anonymous_1)
FNDA:0,(anonymous_2)
FNDA:0,(anonymous_3)
DA:5,0
DA:6,0
DA:7,0
DA:8,0
DA:13,0
DA:14,0
DA:15,0
DA:17,0
DA:20,0
DA:21,0
DA:25,0
DA:28,0
DA:29,0
DA:30,0
DA:33,0
DA:34,0
LF:16
LH:0
BRDA:14,0,0,0
BRDA:14,0,1,0
BRDA:14,1,0,0
BRDA:14,1,1,0
BRDA:25,2,0,0
BRDA:25,2,1,0
BRF:6
BRH:0
end_of_record
TN:
SF:src\model\MRequest.js
FN:3,RequestPageModel
FN:7,(anonymous_1)
FNF:2
FNH:0
FNDA:0,RequestPageModel
FNDA:0,(anonymous_1)
DA:4,0
DA:5,0
DA:7,0
DA:8,0
DA:11,0
LF:5
LH:0
BRF:0
BRH:0
end_of_record
TN:
SF:src\viewmodel\VMManager.js
FN:4,(anonymous_0)
FNF:1
FNH:0
FNDA:0,(anonymous_0)
DA:3,1
DA:5,0
DA:6,0
DA:10,0
DA:12,0
LF:5
LH:1
BRDA:5,0,0,0
BRDA:5,0,1,0
BRDA:10,1,0,0
BRDA:10,1,1,0
BRF:4
BRH:0
end_of_record
TN:
SF:src\viewmodel\VMRequest.js
FN:3,RequestPageViewModel
FN:6,(anonymous_1)
FNF:2
FNH:0
FNDA:0,RequestPageViewModel
FNDA:0,(anonymous_1)
DA:4,0
DA:6,0
DA:7,0
DA:8,0
DA:9,0
DA:13,0
LF:6
LH:0
BRDA:7,0,0,0
BRDA:7,0,1,0
BRF:2
BRH:0
end_of_record
TN:
SF:src\views\HomePage.vue
FN:36,render
FN:42,(anonymous_1)
FN:48,(anonymous_2)
FNF:3
FNH:0
FNDA:0,render
FNDA:0,(anonymous_1)
FNDA:0,(anonymous_2)
DA:4,1
DA:5,1
DA:8,1
DA:29,1
DA:31,1
DA:34,1
DA:35,1
DA:37,0
DA:38,0
DA:42,0
DA:48,0
DA:51,1
LF:12
LH:8
BRF:0
BRH:0
end_of_record
TN:
SF:src\views\ManagerPage.vue
FN:62,render
FNF:1
FNH:0
FNDA:0,render
DA:4,1
DA:5,1
DA:8,1
DA:53,1
DA:55,1
DA:58,1
DA:59,1
DA:60,1
DA:61,1
DA:63,0
DA:64,0
DA:65,0
DA:68,1
LF:13
LH:10
BRF:0
BRH:0
end_of_record
TN:
SF:src\views\RequestPage.vue
FN:68,render
FN:76,(anonymous_1)
FNF:2
FNH:0
FNDA:0,render
FNDA:0,(anonymous_1)
DA:4,1
DA:5,1
DA:8,1
DA:60,1
DA:62,1
DA:65,1
DA:66,1
DA:67,1
DA:69,0
DA:70,0
DA:71,0
DA:72,0
DA:76,0
DA:81,1
LF:14
LH:9
BRDA:76,0,0,0
BRDA:76,0,1,0
BRF:2
BRH:0
end_of_record
