TN:
SF:src\components\InputFile.vue
FN:10,(anonymous_0)
FN:16,(anonymous_1)
FN:20,(anonymous_2)
FN:36,render
FN:40,(anonymous_4)
FN:44,(anonymous_5)
FNF:6
FNH:4
FNDA:2,(anonymous_0)
FNDA:2,(anonymous_1)
FNDA:0,(anonymous_2)
FNDA:2,render
FNDA:2,(anonymous_4)
FNDA:0,(anonymous_5)
DA:4,1
DA:7,1
DA:8,1
DA:11,2
DA:17,2
DA:18,2
DA:21,0
DA:22,0
DA:24,0
DA:29,1
DA:31,1
DA:34,1
DA:35,1
DA:37,2
DA:40,2
DA:44,0
DA:46,1
LF:17
LH:13
BRDA:21,0,0,0
BRDA:21,0,1,0
BRDA:40,1,0,2
BRDA:40,1,1,2
BRDA:40,2,0,2
BRDA:40,2,1,2
BRDA:44,3,0,2
BRDA:44,3,1,2
BRDA:44,4,0,0
BRDA:44,4,1,0
BRF:10
BRH:6
end_of_record
