<?xml version="1.0" ?>
<coverage version="7.4.4" timestamp="1713343936983" lines-valid="4" lines-covered="4" line-rate="1" branches-covered="0" branches-valid="0" branch-rate="0" complexity="0">
	<!-- Generated by coverage.py: https://coverage.readthedocs.io/en/7.4.4 -->
	<!-- Based on https://raw.githubusercontent.com/cobertura/web/master/htdocs/xml/coverage-04.dtd -->
	<sources>
		<source>C:\Users\Yuri\OneDrive\Desktop\6coders\ChatSQL\ChatSQL\backend</source>
	</sources>
	<packages>
		<package name="Model" line-rate="1" branch-rate="0" complexity="0">
			<classes>
				<class name="__init__.py" filename="Model/__init__.py" complexity="0" line-rate="1" branch-rate="0">
					<methods/>
					<lines/>
				</class>
			</classes>
		</package>
		<package name="Model.tests" line-rate="1" branch-rate="0" complexity="0">
			<classes>
				<class name="test_sample.py" filename="Model/tests/test_sample.py" complexity="0" line-rate="1" branch-rate="0">
					<methods/>
					<lines>
						<line number="1" hits="1"/>
						<line number="2" hits="1"/>
						<line number="5" hits="1"/>
						<line number="6" hits="1"/>
					</lines>
				</class>
			</classes>
		</package>
	</packages>
</coverage>
